ARM GAS  C:\Users\jisu8\AppData\Local\Temp\ccN6T5Ij.s 			page 1


   1              		.cpu cortex-m7
   2              		.arch armv7e-m
   3              		.fpu fpv5-sp-d16
   4              		.eabi_attribute 27, 1
   5              		.eabi_attribute 28, 1
   6              		.eabi_attribute 20, 1
   7              		.eabi_attribute 21, 1
   8              		.eabi_attribute 23, 3
   9              		.eabi_attribute 24, 1
  10              		.eabi_attribute 25, 1
  11              		.eabi_attribute 26, 1
  12              		.eabi_attribute 30, 6
  13              		.eabi_attribute 34, 1
  14              		.eabi_attribute 18, 4
  15              		.file	"diskio.c"
  16              		.text
  17              	.Ltext0:
  18              		.cfi_sections	.debug_frame
  19              		.section	.text.disk_status,"ax",%progbits
  20              		.align	1
  21              		.global	disk_status
  22              		.syntax unified
  23              		.thumb
  24              		.thumb_func
  26              	disk_status:
  27              	.LFB146:
  28              		.file 1 "Middlewares/Third_Party/FatFs/src/diskio.c"
   1:Middlewares/Third_Party/FatFs/src/diskio.c **** /*-----------------------------------------------------------------------*/
   2:Middlewares/Third_Party/FatFs/src/diskio.c **** /* Low level disk I/O module skeleton for FatFs     (C)ChaN, 2017        */
   3:Middlewares/Third_Party/FatFs/src/diskio.c **** /*                                                                       */
   4:Middlewares/Third_Party/FatFs/src/diskio.c **** /*   Portions COPYRIGHT 2017 STMicroelectronics                          */
   5:Middlewares/Third_Party/FatFs/src/diskio.c **** /*   Portions Copyright (C) 2017, ChaN, all right reserved               */
   6:Middlewares/Third_Party/FatFs/src/diskio.c **** /*-----------------------------------------------------------------------*/
   7:Middlewares/Third_Party/FatFs/src/diskio.c **** /* If a working storage control module is available, it should be        */
   8:Middlewares/Third_Party/FatFs/src/diskio.c **** /* attached to the FatFs via a glue function rather than modifying it.   */
   9:Middlewares/Third_Party/FatFs/src/diskio.c **** /* This is an example of glue functions to attach various existing      */
  10:Middlewares/Third_Party/FatFs/src/diskio.c **** /* storage control modules to the FatFs module with a defined API.       */
  11:Middlewares/Third_Party/FatFs/src/diskio.c **** /*-----------------------------------------------------------------------*/
  12:Middlewares/Third_Party/FatFs/src/diskio.c **** 
  13:Middlewares/Third_Party/FatFs/src/diskio.c **** /* Includes ------------------------------------------------------------------*/
  14:Middlewares/Third_Party/FatFs/src/diskio.c **** #include "diskio.h"
  15:Middlewares/Third_Party/FatFs/src/diskio.c **** #include "ff_gen_drv.h"
  16:Middlewares/Third_Party/FatFs/src/diskio.c **** 
  17:Middlewares/Third_Party/FatFs/src/diskio.c **** #if defined ( __GNUC__ )
  18:Middlewares/Third_Party/FatFs/src/diskio.c **** #ifndef __weak
  19:Middlewares/Third_Party/FatFs/src/diskio.c **** #define __weak __attribute__((weak))
  20:Middlewares/Third_Party/FatFs/src/diskio.c **** #endif
  21:Middlewares/Third_Party/FatFs/src/diskio.c **** #endif
  22:Middlewares/Third_Party/FatFs/src/diskio.c **** 
  23:Middlewares/Third_Party/FatFs/src/diskio.c **** /* Private typedef -----------------------------------------------------------*/
  24:Middlewares/Third_Party/FatFs/src/diskio.c **** /* Private define ------------------------------------------------------------*/
  25:Middlewares/Third_Party/FatFs/src/diskio.c **** /* Private variables ---------------------------------------------------------*/
  26:Middlewares/Third_Party/FatFs/src/diskio.c **** extern Disk_drvTypeDef  disk;
  27:Middlewares/Third_Party/FatFs/src/diskio.c **** 
  28:Middlewares/Third_Party/FatFs/src/diskio.c **** /* Private function prototypes -----------------------------------------------*/
  29:Middlewares/Third_Party/FatFs/src/diskio.c **** /* Private functions ---------------------------------------------------------*/
  30:Middlewares/Third_Party/FatFs/src/diskio.c **** 
ARM GAS  C:\Users\jisu8\AppData\Local\Temp\ccN6T5Ij.s 			page 2


  31:Middlewares/Third_Party/FatFs/src/diskio.c **** /**
  32:Middlewares/Third_Party/FatFs/src/diskio.c ****   * @brief  Gets Disk Status
  33:Middlewares/Third_Party/FatFs/src/diskio.c ****   * @param  pdrv: Physical drive number (0..)
  34:Middlewares/Third_Party/FatFs/src/diskio.c ****   * @retval DSTATUS: Operation status
  35:Middlewares/Third_Party/FatFs/src/diskio.c ****   */
  36:Middlewares/Third_Party/FatFs/src/diskio.c **** DSTATUS disk_status (
  37:Middlewares/Third_Party/FatFs/src/diskio.c **** 	BYTE pdrv		/* Physical drive number to identify the drive */
  38:Middlewares/Third_Party/FatFs/src/diskio.c **** )
  39:Middlewares/Third_Party/FatFs/src/diskio.c **** {
  29              		.loc 1 39 1
  30              		.cfi_startproc
  31              		@ args = 0, pretend = 0, frame = 16
  32              		@ frame_needed = 1, uses_anonymous_args = 0
  33 0000 80B5     		push	{r7, lr}
  34              	.LCFI0:
  35              		.cfi_def_cfa_offset 8
  36              		.cfi_offset 7, -8
  37              		.cfi_offset 14, -4
  38 0002 84B0     		sub	sp, sp, #16
  39              	.LCFI1:
  40              		.cfi_def_cfa_offset 24
  41 0004 00AF     		add	r7, sp, #0
  42              	.LCFI2:
  43              		.cfi_def_cfa_register 7
  44 0006 0346     		mov	r3, r0
  45 0008 FB71     		strb	r3, [r7, #7]
  40:Middlewares/Third_Party/FatFs/src/diskio.c ****   DSTATUS stat;
  41:Middlewares/Third_Party/FatFs/src/diskio.c **** 
  42:Middlewares/Third_Party/FatFs/src/diskio.c ****   stat = disk.drv[pdrv]->disk_status(disk.lun[pdrv]);
  46              		.loc 1 42 18
  47 000a FB79     		ldrb	r3, [r7, #7]	@ zero_extendqisi2
  48 000c 084A     		ldr	r2, .L3
  49 000e 9B00     		lsls	r3, r3, #2
  50 0010 1344     		add	r3, r3, r2
  51 0012 5B68     		ldr	r3, [r3, #4]
  52              		.loc 1 42 24
  53 0014 5B68     		ldr	r3, [r3, #4]
  54              		.loc 1 42 10
  55 0016 FA79     		ldrb	r2, [r7, #7]	@ zero_extendqisi2
  56 0018 0549     		ldr	r1, .L3
  57 001a 0A44     		add	r2, r2, r1
  58 001c 127A     		ldrb	r2, [r2, #8]	@ zero_extendqisi2
  59 001e 1046     		mov	r0, r2
  60 0020 9847     		blx	r3
  61              	.LVL0:
  62 0022 0346     		mov	r3, r0
  63 0024 FB73     		strb	r3, [r7, #15]
  43:Middlewares/Third_Party/FatFs/src/diskio.c ****   return stat;
  64              		.loc 1 43 10
  65 0026 FB7B     		ldrb	r3, [r7, #15]	@ zero_extendqisi2
  44:Middlewares/Third_Party/FatFs/src/diskio.c **** }
  66              		.loc 1 44 1
  67 0028 1846     		mov	r0, r3
  68 002a 1037     		adds	r7, r7, #16
  69              	.LCFI3:
  70              		.cfi_def_cfa_offset 8
  71 002c BD46     		mov	sp, r7
ARM GAS  C:\Users\jisu8\AppData\Local\Temp\ccN6T5Ij.s 			page 3


  72              	.LCFI4:
  73              		.cfi_def_cfa_register 13
  74              		@ sp needed
  75 002e 80BD     		pop	{r7, pc}
  76              	.L4:
  77              		.align	2
  78              	.L3:
  79 0030 00000000 		.word	disk
  80              		.cfi_endproc
  81              	.LFE146:
  83              		.section	.text.disk_initialize,"ax",%progbits
  84              		.align	1
  85              		.global	disk_initialize
  86              		.syntax unified
  87              		.thumb
  88              		.thumb_func
  90              	disk_initialize:
  91              	.LFB147:
  45:Middlewares/Third_Party/FatFs/src/diskio.c **** 
  46:Middlewares/Third_Party/FatFs/src/diskio.c **** /**
  47:Middlewares/Third_Party/FatFs/src/diskio.c ****   * @brief  Initializes a Drive
  48:Middlewares/Third_Party/FatFs/src/diskio.c ****   * @param  pdrv: Physical drive number (0..)
  49:Middlewares/Third_Party/FatFs/src/diskio.c ****   * @retval DSTATUS: Operation status
  50:Middlewares/Third_Party/FatFs/src/diskio.c ****   */
  51:Middlewares/Third_Party/FatFs/src/diskio.c **** DSTATUS disk_initialize (
  52:Middlewares/Third_Party/FatFs/src/diskio.c **** 	BYTE pdrv				/* Physical drive nmuber to identify the drive */
  53:Middlewares/Third_Party/FatFs/src/diskio.c **** )
  54:Middlewares/Third_Party/FatFs/src/diskio.c **** {
  92              		.loc 1 54 1
  93              		.cfi_startproc
  94              		@ args = 0, pretend = 0, frame = 16
  95              		@ frame_needed = 1, uses_anonymous_args = 0
  96 0000 80B5     		push	{r7, lr}
  97              	.LCFI5:
  98              		.cfi_def_cfa_offset 8
  99              		.cfi_offset 7, -8
 100              		.cfi_offset 14, -4
 101 0002 84B0     		sub	sp, sp, #16
 102              	.LCFI6:
 103              		.cfi_def_cfa_offset 24
 104 0004 00AF     		add	r7, sp, #0
 105              	.LCFI7:
 106              		.cfi_def_cfa_register 7
 107 0006 0346     		mov	r3, r0
 108 0008 FB71     		strb	r3, [r7, #7]
  55:Middlewares/Third_Party/FatFs/src/diskio.c ****   DSTATUS stat = RES_OK;
 109              		.loc 1 55 11
 110 000a 0023     		movs	r3, #0
 111 000c FB73     		strb	r3, [r7, #15]
  56:Middlewares/Third_Party/FatFs/src/diskio.c **** 
  57:Middlewares/Third_Party/FatFs/src/diskio.c ****   if(disk.is_initialized[pdrv] == 0)
 112              		.loc 1 57 25
 113 000e FB79     		ldrb	r3, [r7, #7]	@ zero_extendqisi2
 114 0010 0D4A     		ldr	r2, .L8
 115 0012 D35C     		ldrb	r3, [r2, r3]	@ zero_extendqisi2
 116              		.loc 1 57 5
 117 0014 002B     		cmp	r3, #0
ARM GAS  C:\Users\jisu8\AppData\Local\Temp\ccN6T5Ij.s 			page 4


 118 0016 11D1     		bne	.L6
  58:Middlewares/Third_Party/FatFs/src/diskio.c ****   {
  59:Middlewares/Third_Party/FatFs/src/diskio.c ****     disk.is_initialized[pdrv] = 1;
 119              		.loc 1 59 24
 120 0018 FB79     		ldrb	r3, [r7, #7]	@ zero_extendqisi2
 121              		.loc 1 59 31
 122 001a 0B4A     		ldr	r2, .L8
 123 001c 0121     		movs	r1, #1
 124 001e D154     		strb	r1, [r2, r3]
  60:Middlewares/Third_Party/FatFs/src/diskio.c ****     stat = disk.drv[pdrv]->disk_initialize(disk.lun[pdrv]);
 125              		.loc 1 60 20
 126 0020 FB79     		ldrb	r3, [r7, #7]	@ zero_extendqisi2
 127 0022 094A     		ldr	r2, .L8
 128 0024 9B00     		lsls	r3, r3, #2
 129 0026 1344     		add	r3, r3, r2
 130 0028 5B68     		ldr	r3, [r3, #4]
 131              		.loc 1 60 26
 132 002a 1B68     		ldr	r3, [r3]
 133              		.loc 1 60 12
 134 002c FA79     		ldrb	r2, [r7, #7]	@ zero_extendqisi2
 135 002e 0649     		ldr	r1, .L8
 136 0030 0A44     		add	r2, r2, r1
 137 0032 127A     		ldrb	r2, [r2, #8]	@ zero_extendqisi2
 138 0034 1046     		mov	r0, r2
 139 0036 9847     		blx	r3
 140              	.LVL1:
 141 0038 0346     		mov	r3, r0
 142 003a FB73     		strb	r3, [r7, #15]
 143              	.L6:
  61:Middlewares/Third_Party/FatFs/src/diskio.c ****   }
  62:Middlewares/Third_Party/FatFs/src/diskio.c ****   return stat;
 144              		.loc 1 62 10
 145 003c FB7B     		ldrb	r3, [r7, #15]	@ zero_extendqisi2
  63:Middlewares/Third_Party/FatFs/src/diskio.c **** }
 146              		.loc 1 63 1
 147 003e 1846     		mov	r0, r3
 148 0040 1037     		adds	r7, r7, #16
 149              	.LCFI8:
 150              		.cfi_def_cfa_offset 8
 151 0042 BD46     		mov	sp, r7
 152              	.LCFI9:
 153              		.cfi_def_cfa_register 13
 154              		@ sp needed
 155 0044 80BD     		pop	{r7, pc}
 156              	.L9:
 157 0046 00BF     		.align	2
 158              	.L8:
 159 0048 00000000 		.word	disk
 160              		.cfi_endproc
 161              	.LFE147:
 163              		.section	.text.disk_read,"ax",%progbits
 164              		.align	1
 165              		.global	disk_read
 166              		.syntax unified
 167              		.thumb
 168              		.thumb_func
 170              	disk_read:
ARM GAS  C:\Users\jisu8\AppData\Local\Temp\ccN6T5Ij.s 			page 5


 171              	.LFB148:
  64:Middlewares/Third_Party/FatFs/src/diskio.c **** 
  65:Middlewares/Third_Party/FatFs/src/diskio.c **** /**
  66:Middlewares/Third_Party/FatFs/src/diskio.c ****   * @brief  Reads Sector(s)
  67:Middlewares/Third_Party/FatFs/src/diskio.c ****   * @param  pdrv: Physical drive number (0..)
  68:Middlewares/Third_Party/FatFs/src/diskio.c ****   * @param  *buff: Data buffer to store read data
  69:Middlewares/Third_Party/FatFs/src/diskio.c ****   * @param  sector: Sector address (LBA)
  70:Middlewares/Third_Party/FatFs/src/diskio.c ****   * @param  count: Number of sectors to read (1..128)
  71:Middlewares/Third_Party/FatFs/src/diskio.c ****   * @retval DRESULT: Operation result
  72:Middlewares/Third_Party/FatFs/src/diskio.c ****   */
  73:Middlewares/Third_Party/FatFs/src/diskio.c **** DRESULT disk_read (
  74:Middlewares/Third_Party/FatFs/src/diskio.c **** 	BYTE pdrv,		/* Physical drive nmuber to identify the drive */
  75:Middlewares/Third_Party/FatFs/src/diskio.c **** 	BYTE *buff,		/* Data buffer to store read data */
  76:Middlewares/Third_Party/FatFs/src/diskio.c **** 	DWORD sector,	        /* Sector address in LBA */
  77:Middlewares/Third_Party/FatFs/src/diskio.c **** 	UINT count		/* Number of sectors to read */
  78:Middlewares/Third_Party/FatFs/src/diskio.c **** )
  79:Middlewares/Third_Party/FatFs/src/diskio.c **** {
 172              		.loc 1 79 1
 173              		.cfi_startproc
 174              		@ args = 0, pretend = 0, frame = 24
 175              		@ frame_needed = 1, uses_anonymous_args = 0
 176 0000 90B5     		push	{r4, r7, lr}
 177              	.LCFI10:
 178              		.cfi_def_cfa_offset 12
 179              		.cfi_offset 4, -12
 180              		.cfi_offset 7, -8
 181              		.cfi_offset 14, -4
 182 0002 87B0     		sub	sp, sp, #28
 183              	.LCFI11:
 184              		.cfi_def_cfa_offset 40
 185 0004 00AF     		add	r7, sp, #0
 186              	.LCFI12:
 187              		.cfi_def_cfa_register 7
 188 0006 B960     		str	r1, [r7, #8]
 189 0008 7A60     		str	r2, [r7, #4]
 190 000a 3B60     		str	r3, [r7]
 191 000c 0346     		mov	r3, r0
 192 000e FB73     		strb	r3, [r7, #15]
  80:Middlewares/Third_Party/FatFs/src/diskio.c ****   DRESULT res;
  81:Middlewares/Third_Party/FatFs/src/diskio.c **** 
  82:Middlewares/Third_Party/FatFs/src/diskio.c ****   res = disk.drv[pdrv]->disk_read(disk.lun[pdrv], buff, sector, count);
 193              		.loc 1 82 17
 194 0010 FB7B     		ldrb	r3, [r7, #15]	@ zero_extendqisi2
 195 0012 0A4A     		ldr	r2, .L12
 196 0014 9B00     		lsls	r3, r3, #2
 197 0016 1344     		add	r3, r3, r2
 198 0018 5B68     		ldr	r3, [r3, #4]
 199              		.loc 1 82 23
 200 001a 9C68     		ldr	r4, [r3, #8]
 201              		.loc 1 82 9
 202 001c FB7B     		ldrb	r3, [r7, #15]	@ zero_extendqisi2
 203 001e 074A     		ldr	r2, .L12
 204 0020 1344     		add	r3, r3, r2
 205 0022 187A     		ldrb	r0, [r3, #8]	@ zero_extendqisi2
 206 0024 3B68     		ldr	r3, [r7]
 207 0026 7A68     		ldr	r2, [r7, #4]
 208 0028 B968     		ldr	r1, [r7, #8]
ARM GAS  C:\Users\jisu8\AppData\Local\Temp\ccN6T5Ij.s 			page 6


 209 002a A047     		blx	r4
 210              	.LVL2:
 211 002c 0346     		mov	r3, r0
 212 002e FB75     		strb	r3, [r7, #23]
  83:Middlewares/Third_Party/FatFs/src/diskio.c ****   return res;
 213              		.loc 1 83 10
 214 0030 FB7D     		ldrb	r3, [r7, #23]	@ zero_extendqisi2
  84:Middlewares/Third_Party/FatFs/src/diskio.c **** }
 215              		.loc 1 84 1
 216 0032 1846     		mov	r0, r3
 217 0034 1C37     		adds	r7, r7, #28
 218              	.LCFI13:
 219              		.cfi_def_cfa_offset 12
 220 0036 BD46     		mov	sp, r7
 221              	.LCFI14:
 222              		.cfi_def_cfa_register 13
 223              		@ sp needed
 224 0038 90BD     		pop	{r4, r7, pc}
 225              	.L13:
 226 003a 00BF     		.align	2
 227              	.L12:
 228 003c 00000000 		.word	disk
 229              		.cfi_endproc
 230              	.LFE148:
 232              		.section	.text.disk_write,"ax",%progbits
 233              		.align	1
 234              		.global	disk_write
 235              		.syntax unified
 236              		.thumb
 237              		.thumb_func
 239              	disk_write:
 240              	.LFB149:
  85:Middlewares/Third_Party/FatFs/src/diskio.c **** 
  86:Middlewares/Third_Party/FatFs/src/diskio.c **** /**
  87:Middlewares/Third_Party/FatFs/src/diskio.c ****   * @brief  Writes Sector(s)
  88:Middlewares/Third_Party/FatFs/src/diskio.c ****   * @param  pdrv: Physical drive number (0..)
  89:Middlewares/Third_Party/FatFs/src/diskio.c ****   * @param  *buff: Data to be written
  90:Middlewares/Third_Party/FatFs/src/diskio.c ****   * @param  sector: Sector address (LBA)
  91:Middlewares/Third_Party/FatFs/src/diskio.c ****   * @param  count: Number of sectors to write (1..128)
  92:Middlewares/Third_Party/FatFs/src/diskio.c ****   * @retval DRESULT: Operation result
  93:Middlewares/Third_Party/FatFs/src/diskio.c ****   */
  94:Middlewares/Third_Party/FatFs/src/diskio.c **** #if _USE_WRITE == 1
  95:Middlewares/Third_Party/FatFs/src/diskio.c **** DRESULT disk_write (
  96:Middlewares/Third_Party/FatFs/src/diskio.c **** 	BYTE pdrv,		/* Physical drive nmuber to identify the drive */
  97:Middlewares/Third_Party/FatFs/src/diskio.c **** 	const BYTE *buff,	/* Data to be written */
  98:Middlewares/Third_Party/FatFs/src/diskio.c **** 	DWORD sector,		/* Sector address in LBA */
  99:Middlewares/Third_Party/FatFs/src/diskio.c **** 	UINT count        	/* Number of sectors to write */
 100:Middlewares/Third_Party/FatFs/src/diskio.c **** )
 101:Middlewares/Third_Party/FatFs/src/diskio.c **** {
 241              		.loc 1 101 1
 242              		.cfi_startproc
 243              		@ args = 0, pretend = 0, frame = 24
 244              		@ frame_needed = 1, uses_anonymous_args = 0
 245 0000 90B5     		push	{r4, r7, lr}
 246              	.LCFI15:
 247              		.cfi_def_cfa_offset 12
 248              		.cfi_offset 4, -12
ARM GAS  C:\Users\jisu8\AppData\Local\Temp\ccN6T5Ij.s 			page 7


 249              		.cfi_offset 7, -8
 250              		.cfi_offset 14, -4
 251 0002 87B0     		sub	sp, sp, #28
 252              	.LCFI16:
 253              		.cfi_def_cfa_offset 40
 254 0004 00AF     		add	r7, sp, #0
 255              	.LCFI17:
 256              		.cfi_def_cfa_register 7
 257 0006 B960     		str	r1, [r7, #8]
 258 0008 7A60     		str	r2, [r7, #4]
 259 000a 3B60     		str	r3, [r7]
 260 000c 0346     		mov	r3, r0
 261 000e FB73     		strb	r3, [r7, #15]
 102:Middlewares/Third_Party/FatFs/src/diskio.c ****   DRESULT res;
 103:Middlewares/Third_Party/FatFs/src/diskio.c **** 
 104:Middlewares/Third_Party/FatFs/src/diskio.c ****   res = disk.drv[pdrv]->disk_write(disk.lun[pdrv], buff, sector, count);
 262              		.loc 1 104 17
 263 0010 FB7B     		ldrb	r3, [r7, #15]	@ zero_extendqisi2
 264 0012 0A4A     		ldr	r2, .L16
 265 0014 9B00     		lsls	r3, r3, #2
 266 0016 1344     		add	r3, r3, r2
 267 0018 5B68     		ldr	r3, [r3, #4]
 268              		.loc 1 104 23
 269 001a DC68     		ldr	r4, [r3, #12]
 270              		.loc 1 104 9
 271 001c FB7B     		ldrb	r3, [r7, #15]	@ zero_extendqisi2
 272 001e 074A     		ldr	r2, .L16
 273 0020 1344     		add	r3, r3, r2
 274 0022 187A     		ldrb	r0, [r3, #8]	@ zero_extendqisi2
 275 0024 3B68     		ldr	r3, [r7]
 276 0026 7A68     		ldr	r2, [r7, #4]
 277 0028 B968     		ldr	r1, [r7, #8]
 278 002a A047     		blx	r4
 279              	.LVL3:
 280 002c 0346     		mov	r3, r0
 281 002e FB75     		strb	r3, [r7, #23]
 105:Middlewares/Third_Party/FatFs/src/diskio.c ****   return res;
 282              		.loc 1 105 10
 283 0030 FB7D     		ldrb	r3, [r7, #23]	@ zero_extendqisi2
 106:Middlewares/Third_Party/FatFs/src/diskio.c **** }
 284              		.loc 1 106 1
 285 0032 1846     		mov	r0, r3
 286 0034 1C37     		adds	r7, r7, #28
 287              	.LCFI18:
 288              		.cfi_def_cfa_offset 12
 289 0036 BD46     		mov	sp, r7
 290              	.LCFI19:
 291              		.cfi_def_cfa_register 13
 292              		@ sp needed
 293 0038 90BD     		pop	{r4, r7, pc}
 294              	.L17:
 295 003a 00BF     		.align	2
 296              	.L16:
 297 003c 00000000 		.word	disk
 298              		.cfi_endproc
 299              	.LFE149:
 301              		.section	.text.disk_ioctl,"ax",%progbits
ARM GAS  C:\Users\jisu8\AppData\Local\Temp\ccN6T5Ij.s 			page 8


 302              		.align	1
 303              		.global	disk_ioctl
 304              		.syntax unified
 305              		.thumb
 306              		.thumb_func
 308              	disk_ioctl:
 309              	.LFB150:
 107:Middlewares/Third_Party/FatFs/src/diskio.c **** #endif /* _USE_WRITE == 1 */
 108:Middlewares/Third_Party/FatFs/src/diskio.c **** 
 109:Middlewares/Third_Party/FatFs/src/diskio.c **** /**
 110:Middlewares/Third_Party/FatFs/src/diskio.c ****   * @brief  I/O control operation
 111:Middlewares/Third_Party/FatFs/src/diskio.c ****   * @param  pdrv: Physical drive number (0..)
 112:Middlewares/Third_Party/FatFs/src/diskio.c ****   * @param  cmd: Control code
 113:Middlewares/Third_Party/FatFs/src/diskio.c ****   * @param  *buff: Buffer to send/receive control data
 114:Middlewares/Third_Party/FatFs/src/diskio.c ****   * @retval DRESULT: Operation result
 115:Middlewares/Third_Party/FatFs/src/diskio.c ****   */
 116:Middlewares/Third_Party/FatFs/src/diskio.c **** #if _USE_IOCTL == 1
 117:Middlewares/Third_Party/FatFs/src/diskio.c **** DRESULT disk_ioctl (
 118:Middlewares/Third_Party/FatFs/src/diskio.c **** 	BYTE pdrv,		/* Physical drive nmuber (0..) */
 119:Middlewares/Third_Party/FatFs/src/diskio.c **** 	BYTE cmd,		/* Control code */
 120:Middlewares/Third_Party/FatFs/src/diskio.c **** 	void *buff		/* Buffer to send/receive control data */
 121:Middlewares/Third_Party/FatFs/src/diskio.c **** )
 122:Middlewares/Third_Party/FatFs/src/diskio.c **** {
 310              		.loc 1 122 1
 311              		.cfi_startproc
 312              		@ args = 0, pretend = 0, frame = 16
 313              		@ frame_needed = 1, uses_anonymous_args = 0
 314 0000 80B5     		push	{r7, lr}
 315              	.LCFI20:
 316              		.cfi_def_cfa_offset 8
 317              		.cfi_offset 7, -8
 318              		.cfi_offset 14, -4
 319 0002 84B0     		sub	sp, sp, #16
 320              	.LCFI21:
 321              		.cfi_def_cfa_offset 24
 322 0004 00AF     		add	r7, sp, #0
 323              	.LCFI22:
 324              		.cfi_def_cfa_register 7
 325 0006 0346     		mov	r3, r0
 326 0008 3A60     		str	r2, [r7]
 327 000a FB71     		strb	r3, [r7, #7]
 328 000c 0B46     		mov	r3, r1
 329 000e BB71     		strb	r3, [r7, #6]
 123:Middlewares/Third_Party/FatFs/src/diskio.c ****   DRESULT res;
 124:Middlewares/Third_Party/FatFs/src/diskio.c **** 
 125:Middlewares/Third_Party/FatFs/src/diskio.c ****   res = disk.drv[pdrv]->disk_ioctl(disk.lun[pdrv], cmd, buff);
 330              		.loc 1 125 17
 331 0010 FB79     		ldrb	r3, [r7, #7]	@ zero_extendqisi2
 332 0012 094A     		ldr	r2, .L20
 333 0014 9B00     		lsls	r3, r3, #2
 334 0016 1344     		add	r3, r3, r2
 335 0018 5B68     		ldr	r3, [r3, #4]
 336              		.loc 1 125 23
 337 001a 1B69     		ldr	r3, [r3, #16]
 338              		.loc 1 125 9
 339 001c FA79     		ldrb	r2, [r7, #7]	@ zero_extendqisi2
 340 001e 0649     		ldr	r1, .L20
ARM GAS  C:\Users\jisu8\AppData\Local\Temp\ccN6T5Ij.s 			page 9


 341 0020 0A44     		add	r2, r2, r1
 342 0022 107A     		ldrb	r0, [r2, #8]	@ zero_extendqisi2
 343 0024 B979     		ldrb	r1, [r7, #6]	@ zero_extendqisi2
 344 0026 3A68     		ldr	r2, [r7]
 345 0028 9847     		blx	r3
 346              	.LVL4:
 347 002a 0346     		mov	r3, r0
 348 002c FB73     		strb	r3, [r7, #15]
 126:Middlewares/Third_Party/FatFs/src/diskio.c ****   return res;
 349              		.loc 1 126 10
 350 002e FB7B     		ldrb	r3, [r7, #15]	@ zero_extendqisi2
 127:Middlewares/Third_Party/FatFs/src/diskio.c **** }
 351              		.loc 1 127 1
 352 0030 1846     		mov	r0, r3
 353 0032 1037     		adds	r7, r7, #16
 354              	.LCFI23:
 355              		.cfi_def_cfa_offset 8
 356 0034 BD46     		mov	sp, r7
 357              	.LCFI24:
 358              		.cfi_def_cfa_register 13
 359              		@ sp needed
 360 0036 80BD     		pop	{r7, pc}
 361              	.L21:
 362              		.align	2
 363              	.L20:
 364 0038 00000000 		.word	disk
 365              		.cfi_endproc
 366              	.LFE150:
 368              		.section	.text.get_fattime,"ax",%progbits
 369              		.align	1
 370              		.weak	get_fattime
 371              		.syntax unified
 372              		.thumb
 373              		.thumb_func
 375              	get_fattime:
 376              	.LFB151:
 128:Middlewares/Third_Party/FatFs/src/diskio.c **** #endif /* _USE_IOCTL == 1 */
 129:Middlewares/Third_Party/FatFs/src/diskio.c **** 
 130:Middlewares/Third_Party/FatFs/src/diskio.c **** /**
 131:Middlewares/Third_Party/FatFs/src/diskio.c ****   * @brief  Gets Time from RTC
 132:Middlewares/Third_Party/FatFs/src/diskio.c ****   * @param  None
 133:Middlewares/Third_Party/FatFs/src/diskio.c ****   * @retval Time in DWORD
 134:Middlewares/Third_Party/FatFs/src/diskio.c ****   */
 135:Middlewares/Third_Party/FatFs/src/diskio.c **** __weak DWORD get_fattime (void)
 136:Middlewares/Third_Party/FatFs/src/diskio.c **** {
 377              		.loc 1 136 1
 378              		.cfi_startproc
 379              		@ args = 0, pretend = 0, frame = 0
 380              		@ frame_needed = 1, uses_anonymous_args = 0
 381              		@ link register save eliminated.
 382 0000 80B4     		push	{r7}
 383              	.LCFI25:
 384              		.cfi_def_cfa_offset 4
 385              		.cfi_offset 7, -4
 386 0002 00AF     		add	r7, sp, #0
 387              	.LCFI26:
 388              		.cfi_def_cfa_register 7
ARM GAS  C:\Users\jisu8\AppData\Local\Temp\ccN6T5Ij.s 			page 10


 137:Middlewares/Third_Party/FatFs/src/diskio.c ****   return 0;
 389              		.loc 1 137 10
 390 0004 0023     		movs	r3, #0
 138:Middlewares/Third_Party/FatFs/src/diskio.c **** }
 391              		.loc 1 138 1
 392 0006 1846     		mov	r0, r3
 393 0008 BD46     		mov	sp, r7
 394              	.LCFI27:
 395              		.cfi_def_cfa_register 13
 396              		@ sp needed
 397 000a 5DF8047B 		ldr	r7, [sp], #4
 398              	.LCFI28:
 399              		.cfi_restore 7
 400              		.cfi_def_cfa_offset 0
 401 000e 7047     		bx	lr
 402              		.cfi_endproc
 403              	.LFE151:
 405              		.text
 406              	.Letext0:
 407              		.file 2 "Middlewares/Third_Party/FatFs/src/integer.h"
 408              		.file 3 "Middlewares/Third_Party/FatFs/src/diskio.h"
 409              		.file 4 "d:\\3.tools\\arm_gcc_toolchain\\arm-none-eabi\\include\\machine\\_default_types.h"
 410              		.file 5 "d:\\3.tools\\arm_gcc_toolchain\\arm-none-eabi\\include\\sys\\_stdint.h"
 411              		.file 6 "Middlewares/Third_Party/FatFs/src/ff_gen_drv.h"
ARM GAS  C:\Users\jisu8\AppData\Local\Temp\ccN6T5Ij.s 			page 11


DEFINED SYMBOLS
                            *ABS*:00000000 diskio.c
C:\Users\jisu8\AppData\Local\Temp\ccN6T5Ij.s:20     .text.disk_status:00000000 $t
C:\Users\jisu8\AppData\Local\Temp\ccN6T5Ij.s:26     .text.disk_status:00000000 disk_status
C:\Users\jisu8\AppData\Local\Temp\ccN6T5Ij.s:79     .text.disk_status:00000030 $d
C:\Users\jisu8\AppData\Local\Temp\ccN6T5Ij.s:84     .text.disk_initialize:00000000 $t
C:\Users\jisu8\AppData\Local\Temp\ccN6T5Ij.s:90     .text.disk_initialize:00000000 disk_initialize
C:\Users\jisu8\AppData\Local\Temp\ccN6T5Ij.s:159    .text.disk_initialize:00000048 $d
C:\Users\jisu8\AppData\Local\Temp\ccN6T5Ij.s:164    .text.disk_read:00000000 $t
C:\Users\jisu8\AppData\Local\Temp\ccN6T5Ij.s:170    .text.disk_read:00000000 disk_read
C:\Users\jisu8\AppData\Local\Temp\ccN6T5Ij.s:228    .text.disk_read:0000003c $d
C:\Users\jisu8\AppData\Local\Temp\ccN6T5Ij.s:233    .text.disk_write:00000000 $t
C:\Users\jisu8\AppData\Local\Temp\ccN6T5Ij.s:239    .text.disk_write:00000000 disk_write
C:\Users\jisu8\AppData\Local\Temp\ccN6T5Ij.s:297    .text.disk_write:0000003c $d
C:\Users\jisu8\AppData\Local\Temp\ccN6T5Ij.s:302    .text.disk_ioctl:00000000 $t
C:\Users\jisu8\AppData\Local\Temp\ccN6T5Ij.s:308    .text.disk_ioctl:00000000 disk_ioctl
C:\Users\jisu8\AppData\Local\Temp\ccN6T5Ij.s:364    .text.disk_ioctl:00000038 $d
C:\Users\jisu8\AppData\Local\Temp\ccN6T5Ij.s:369    .text.get_fattime:00000000 $t
C:\Users\jisu8\AppData\Local\Temp\ccN6T5Ij.s:375    .text.get_fattime:00000000 get_fattime

UNDEFINED SYMBOLS
disk
