ARM GAS  C:\Users\jisu8\AppData\Local\Temp\ccSo7S5W.s 			page 1


   1              		.cpu cortex-m7
   2              		.arch armv7e-m
   3              		.fpu fpv5-sp-d16
   4              		.eabi_attribute 27, 1
   5              		.eabi_attribute 28, 1
   6              		.eabi_attribute 20, 1
   7              		.eabi_attribute 21, 1
   8              		.eabi_attribute 23, 3
   9              		.eabi_attribute 24, 1
  10              		.eabi_attribute 25, 1
  11              		.eabi_attribute 26, 1
  12              		.eabi_attribute 30, 1
  13              		.eabi_attribute 34, 1
  14              		.eabi_attribute 18, 4
  15              		.file	"stm32f7xx_it.c"
  16              		.text
  17              	.Ltext0:
  18              		.cfi_sections	.debug_frame
  19              		.section	.text.NMI_Handler,"ax",%progbits
  20              		.align	1
  21              		.global	NMI_Handler
  22              		.syntax unified
  23              		.thumb
  24              		.thumb_func
  26              	NMI_Handler:
  27              	.LFB146:
  28              		.file 1 "Core/Src/stm32f7xx_it.c"
   1:Core/Src/stm32f7xx_it.c **** /* USER CODE BEGIN Header */
   2:Core/Src/stm32f7xx_it.c **** /**
   3:Core/Src/stm32f7xx_it.c ****   ******************************************************************************
   4:Core/Src/stm32f7xx_it.c ****   * @file    stm32f7xx_it.c
   5:Core/Src/stm32f7xx_it.c ****   * @brief   Interrupt Service Routines.
   6:Core/Src/stm32f7xx_it.c ****   ******************************************************************************
   7:Core/Src/stm32f7xx_it.c ****   * @attention
   8:Core/Src/stm32f7xx_it.c ****   *
   9:Core/Src/stm32f7xx_it.c ****   * Copyright (c) 2023 STMicroelectronics.
  10:Core/Src/stm32f7xx_it.c ****   * All rights reserved.
  11:Core/Src/stm32f7xx_it.c ****   *
  12:Core/Src/stm32f7xx_it.c ****   * This software is licensed under terms that can be found in the LICENSE file
  13:Core/Src/stm32f7xx_it.c ****   * in the root directory of this software component.
  14:Core/Src/stm32f7xx_it.c ****   * If no LICENSE file comes with this software, it is provided AS-IS.
  15:Core/Src/stm32f7xx_it.c ****   *
  16:Core/Src/stm32f7xx_it.c ****   ******************************************************************************
  17:Core/Src/stm32f7xx_it.c ****   */
  18:Core/Src/stm32f7xx_it.c **** /* USER CODE END Header */
  19:Core/Src/stm32f7xx_it.c **** 
  20:Core/Src/stm32f7xx_it.c **** /* Includes ------------------------------------------------------------------*/
  21:Core/Src/stm32f7xx_it.c **** #include "main.h"
  22:Core/Src/stm32f7xx_it.c **** #include "stm32f7xx_it.h"
  23:Core/Src/stm32f7xx_it.c **** #include "FreeRTOS.h"
  24:Core/Src/stm32f7xx_it.c **** #include "task.h"
  25:Core/Src/stm32f7xx_it.c **** /* Private includes ----------------------------------------------------------*/
  26:Core/Src/stm32f7xx_it.c **** /* USER CODE BEGIN Includes */
  27:Core/Src/stm32f7xx_it.c **** /* USER CODE END Includes */
  28:Core/Src/stm32f7xx_it.c **** 
  29:Core/Src/stm32f7xx_it.c **** /* Private typedef -----------------------------------------------------------*/
  30:Core/Src/stm32f7xx_it.c **** /* USER CODE BEGIN TD */
ARM GAS  C:\Users\jisu8\AppData\Local\Temp\ccSo7S5W.s 			page 2


  31:Core/Src/stm32f7xx_it.c **** 
  32:Core/Src/stm32f7xx_it.c **** /* USER CODE END TD */
  33:Core/Src/stm32f7xx_it.c **** 
  34:Core/Src/stm32f7xx_it.c **** /* Private define ------------------------------------------------------------*/
  35:Core/Src/stm32f7xx_it.c **** /* USER CODE BEGIN PD */
  36:Core/Src/stm32f7xx_it.c **** 
  37:Core/Src/stm32f7xx_it.c **** /* USER CODE END PD */
  38:Core/Src/stm32f7xx_it.c **** 
  39:Core/Src/stm32f7xx_it.c **** /* Private macro -------------------------------------------------------------*/
  40:Core/Src/stm32f7xx_it.c **** /* USER CODE BEGIN PM */
  41:Core/Src/stm32f7xx_it.c **** 
  42:Core/Src/stm32f7xx_it.c **** /* USER CODE END PM */
  43:Core/Src/stm32f7xx_it.c **** 
  44:Core/Src/stm32f7xx_it.c **** /* Private variables ---------------------------------------------------------*/
  45:Core/Src/stm32f7xx_it.c **** /* USER CODE BEGIN PV */
  46:Core/Src/stm32f7xx_it.c **** 
  47:Core/Src/stm32f7xx_it.c **** /* USER CODE END PV */
  48:Core/Src/stm32f7xx_it.c **** 
  49:Core/Src/stm32f7xx_it.c **** /* Private function prototypes -----------------------------------------------*/
  50:Core/Src/stm32f7xx_it.c **** /* USER CODE BEGIN PFP */
  51:Core/Src/stm32f7xx_it.c **** 
  52:Core/Src/stm32f7xx_it.c **** /* USER CODE END PFP */
  53:Core/Src/stm32f7xx_it.c **** 
  54:Core/Src/stm32f7xx_it.c **** /* Private user code ---------------------------------------------------------*/
  55:Core/Src/stm32f7xx_it.c **** /* USER CODE BEGIN 0 */
  56:Core/Src/stm32f7xx_it.c **** 
  57:Core/Src/stm32f7xx_it.c **** /* USER CODE END 0 */
  58:Core/Src/stm32f7xx_it.c **** 
  59:Core/Src/stm32f7xx_it.c **** /* External variables --------------------------------------------------------*/
  60:Core/Src/stm32f7xx_it.c **** extern HCD_HandleTypeDef hhcd_USB_OTG_HS;
  61:Core/Src/stm32f7xx_it.c **** extern PCD_HandleTypeDef hpcd_USB_OTG_HS;
  62:Core/Src/stm32f7xx_it.c **** extern DMA2D_HandleTypeDef hdma2d;
  63:Core/Src/stm32f7xx_it.c **** extern LTDC_HandleTypeDef hltdc;
  64:Core/Src/stm32f7xx_it.c **** extern DMA_HandleTypeDef hdma_sdmmc1_rx;
  65:Core/Src/stm32f7xx_it.c **** extern DMA_HandleTypeDef hdma_sdmmc1_tx;
  66:Core/Src/stm32f7xx_it.c **** extern SD_HandleTypeDef hsd1;
  67:Core/Src/stm32f7xx_it.c **** extern TIM_HandleTypeDef htim6;
  68:Core/Src/stm32f7xx_it.c **** 
  69:Core/Src/stm32f7xx_it.c **** /* USER CODE BEGIN EV */
  70:Core/Src/stm32f7xx_it.c **** 
  71:Core/Src/stm32f7xx_it.c **** /* USER CODE END EV */
  72:Core/Src/stm32f7xx_it.c **** 
  73:Core/Src/stm32f7xx_it.c **** /******************************************************************************/
  74:Core/Src/stm32f7xx_it.c **** /*           Cortex-M7 Processor Interruption and Exception Handlers          */
  75:Core/Src/stm32f7xx_it.c **** /******************************************************************************/
  76:Core/Src/stm32f7xx_it.c **** /**
  77:Core/Src/stm32f7xx_it.c ****   * @brief This function handles Non maskable interrupt.
  78:Core/Src/stm32f7xx_it.c ****   */
  79:Core/Src/stm32f7xx_it.c **** void NMI_Handler(void)
  80:Core/Src/stm32f7xx_it.c **** {
  29              		.loc 1 80 1 view -0
  30              		.cfi_startproc
  31              		@ Volatile: function does not return.
  32              		@ args = 0, pretend = 0, frame = 0
  33              		@ frame_needed = 0, uses_anonymous_args = 0
  34              		@ link register save eliminated.
  35              	.L2:
ARM GAS  C:\Users\jisu8\AppData\Local\Temp\ccSo7S5W.s 			page 3


  81:Core/Src/stm32f7xx_it.c ****   /* USER CODE BEGIN NonMaskableInt_IRQn 0 */
  82:Core/Src/stm32f7xx_it.c **** 
  83:Core/Src/stm32f7xx_it.c ****   /* USER CODE END NonMaskableInt_IRQn 0 */
  84:Core/Src/stm32f7xx_it.c ****   /* USER CODE BEGIN NonMaskableInt_IRQn 1 */
  85:Core/Src/stm32f7xx_it.c ****   while (1)
  36              		.loc 1 85 3 discriminator 1 view .LVU1
  86:Core/Src/stm32f7xx_it.c ****   {
  87:Core/Src/stm32f7xx_it.c ****   }
  37              		.loc 1 87 3 discriminator 1 view .LVU2
  85:Core/Src/stm32f7xx_it.c ****   {
  38              		.loc 1 85 9 discriminator 1 view .LVU3
  39 0000 FEE7     		b	.L2
  40              		.cfi_endproc
  41              	.LFE146:
  43              		.section	.text.HardFault_Handler,"ax",%progbits
  44              		.align	1
  45              		.global	HardFault_Handler
  46              		.syntax unified
  47              		.thumb
  48              		.thumb_func
  50              	HardFault_Handler:
  51              	.LFB147:
  88:Core/Src/stm32f7xx_it.c ****   /* USER CODE END NonMaskableInt_IRQn 1 */
  89:Core/Src/stm32f7xx_it.c **** }
  90:Core/Src/stm32f7xx_it.c **** 
  91:Core/Src/stm32f7xx_it.c **** /**
  92:Core/Src/stm32f7xx_it.c ****   * @brief This function handles Hard fault interrupt.
  93:Core/Src/stm32f7xx_it.c ****   */
  94:Core/Src/stm32f7xx_it.c **** void HardFault_Handler(void)
  95:Core/Src/stm32f7xx_it.c **** {
  52              		.loc 1 95 1 view -0
  53              		.cfi_startproc
  54              		@ Volatile: function does not return.
  55              		@ args = 0, pretend = 0, frame = 0
  56              		@ frame_needed = 0, uses_anonymous_args = 0
  57              		@ link register save eliminated.
  58              	.L4:
  96:Core/Src/stm32f7xx_it.c ****   /* USER CODE BEGIN HardFault_IRQn 0 */
  97:Core/Src/stm32f7xx_it.c **** 
  98:Core/Src/stm32f7xx_it.c ****   /* USER CODE END HardFault_IRQn 0 */
  99:Core/Src/stm32f7xx_it.c ****   while (1)
  59              		.loc 1 99 3 discriminator 1 view .LVU5
 100:Core/Src/stm32f7xx_it.c ****   {
 101:Core/Src/stm32f7xx_it.c ****     /* USER CODE BEGIN W1_HardFault_IRQn 0 */
 102:Core/Src/stm32f7xx_it.c ****     /* USER CODE END W1_HardFault_IRQn 0 */
 103:Core/Src/stm32f7xx_it.c ****   }
  60              		.loc 1 103 3 discriminator 1 view .LVU6
  99:Core/Src/stm32f7xx_it.c ****   {
  61              		.loc 1 99 9 discriminator 1 view .LVU7
  62 0000 FEE7     		b	.L4
  63              		.cfi_endproc
  64              	.LFE147:
  66              		.section	.text.MemManage_Handler,"ax",%progbits
  67              		.align	1
  68              		.global	MemManage_Handler
  69              		.syntax unified
  70              		.thumb
ARM GAS  C:\Users\jisu8\AppData\Local\Temp\ccSo7S5W.s 			page 4


  71              		.thumb_func
  73              	MemManage_Handler:
  74              	.LFB148:
 104:Core/Src/stm32f7xx_it.c **** }
 105:Core/Src/stm32f7xx_it.c **** 
 106:Core/Src/stm32f7xx_it.c **** /**
 107:Core/Src/stm32f7xx_it.c ****   * @brief This function handles Memory management fault.
 108:Core/Src/stm32f7xx_it.c ****   */
 109:Core/Src/stm32f7xx_it.c **** void MemManage_Handler(void)
 110:Core/Src/stm32f7xx_it.c **** {
  75              		.loc 1 110 1 view -0
  76              		.cfi_startproc
  77              		@ Volatile: function does not return.
  78              		@ args = 0, pretend = 0, frame = 0
  79              		@ frame_needed = 0, uses_anonymous_args = 0
  80              		@ link register save eliminated.
  81              	.L6:
 111:Core/Src/stm32f7xx_it.c ****   /* USER CODE BEGIN MemoryManagement_IRQn 0 */
 112:Core/Src/stm32f7xx_it.c **** 
 113:Core/Src/stm32f7xx_it.c ****   /* USER CODE END MemoryManagement_IRQn 0 */
 114:Core/Src/stm32f7xx_it.c ****   while (1)
  82              		.loc 1 114 3 discriminator 1 view .LVU9
 115:Core/Src/stm32f7xx_it.c ****   {
 116:Core/Src/stm32f7xx_it.c ****     /* USER CODE BEGIN W1_MemoryManagement_IRQn 0 */
 117:Core/Src/stm32f7xx_it.c ****     /* USER CODE END W1_MemoryManagement_IRQn 0 */
 118:Core/Src/stm32f7xx_it.c ****   }
  83              		.loc 1 118 3 discriminator 1 view .LVU10
 114:Core/Src/stm32f7xx_it.c ****   {
  84              		.loc 1 114 9 discriminator 1 view .LVU11
  85 0000 FEE7     		b	.L6
  86              		.cfi_endproc
  87              	.LFE148:
  89              		.section	.text.BusFault_Handler,"ax",%progbits
  90              		.align	1
  91              		.global	BusFault_Handler
  92              		.syntax unified
  93              		.thumb
  94              		.thumb_func
  96              	BusFault_Handler:
  97              	.LFB149:
 119:Core/Src/stm32f7xx_it.c **** }
 120:Core/Src/stm32f7xx_it.c **** 
 121:Core/Src/stm32f7xx_it.c **** /**
 122:Core/Src/stm32f7xx_it.c ****   * @brief This function handles Pre-fetch fault, memory access fault.
 123:Core/Src/stm32f7xx_it.c ****   */
 124:Core/Src/stm32f7xx_it.c **** void BusFault_Handler(void)
 125:Core/Src/stm32f7xx_it.c **** {
  98              		.loc 1 125 1 view -0
  99              		.cfi_startproc
 100              		@ Volatile: function does not return.
 101              		@ args = 0, pretend = 0, frame = 0
 102              		@ frame_needed = 0, uses_anonymous_args = 0
 103              		@ link register save eliminated.
 104              	.L8:
 126:Core/Src/stm32f7xx_it.c ****   /* USER CODE BEGIN BusFault_IRQn 0 */
 127:Core/Src/stm32f7xx_it.c **** 
 128:Core/Src/stm32f7xx_it.c ****   /* USER CODE END BusFault_IRQn 0 */
ARM GAS  C:\Users\jisu8\AppData\Local\Temp\ccSo7S5W.s 			page 5


 129:Core/Src/stm32f7xx_it.c ****   while (1)
 105              		.loc 1 129 3 discriminator 1 view .LVU13
 130:Core/Src/stm32f7xx_it.c ****   {
 131:Core/Src/stm32f7xx_it.c ****     /* USER CODE BEGIN W1_BusFault_IRQn 0 */
 132:Core/Src/stm32f7xx_it.c ****     /* USER CODE END W1_BusFault_IRQn 0 */
 133:Core/Src/stm32f7xx_it.c ****   }
 106              		.loc 1 133 3 discriminator 1 view .LVU14
 129:Core/Src/stm32f7xx_it.c ****   {
 107              		.loc 1 129 9 discriminator 1 view .LVU15
 108 0000 FEE7     		b	.L8
 109              		.cfi_endproc
 110              	.LFE149:
 112              		.section	.text.UsageFault_Handler,"ax",%progbits
 113              		.align	1
 114              		.global	UsageFault_Handler
 115              		.syntax unified
 116              		.thumb
 117              		.thumb_func
 119              	UsageFault_Handler:
 120              	.LFB150:
 134:Core/Src/stm32f7xx_it.c **** }
 135:Core/Src/stm32f7xx_it.c **** 
 136:Core/Src/stm32f7xx_it.c **** /**
 137:Core/Src/stm32f7xx_it.c ****   * @brief This function handles Undefined instruction or illegal state.
 138:Core/Src/stm32f7xx_it.c ****   */
 139:Core/Src/stm32f7xx_it.c **** void UsageFault_Handler(void)
 140:Core/Src/stm32f7xx_it.c **** {
 121              		.loc 1 140 1 view -0
 122              		.cfi_startproc
 123              		@ Volatile: function does not return.
 124              		@ args = 0, pretend = 0, frame = 0
 125              		@ frame_needed = 0, uses_anonymous_args = 0
 126              		@ link register save eliminated.
 127              	.L10:
 141:Core/Src/stm32f7xx_it.c ****   /* USER CODE BEGIN UsageFault_IRQn 0 */
 142:Core/Src/stm32f7xx_it.c **** 
 143:Core/Src/stm32f7xx_it.c ****   /* USER CODE END UsageFault_IRQn 0 */
 144:Core/Src/stm32f7xx_it.c ****   while (1)
 128              		.loc 1 144 3 discriminator 1 view .LVU17
 145:Core/Src/stm32f7xx_it.c ****   {
 146:Core/Src/stm32f7xx_it.c ****     /* USER CODE BEGIN W1_UsageFault_IRQn 0 */
 147:Core/Src/stm32f7xx_it.c ****     /* USER CODE END W1_UsageFault_IRQn 0 */
 148:Core/Src/stm32f7xx_it.c ****   }
 129              		.loc 1 148 3 discriminator 1 view .LVU18
 144:Core/Src/stm32f7xx_it.c ****   {
 130              		.loc 1 144 9 discriminator 1 view .LVU19
 131 0000 FEE7     		b	.L10
 132              		.cfi_endproc
 133              	.LFE150:
 135              		.section	.text.DebugMon_Handler,"ax",%progbits
 136              		.align	1
 137              		.global	DebugMon_Handler
 138              		.syntax unified
 139              		.thumb
 140              		.thumb_func
 142              	DebugMon_Handler:
 143              	.LFB151:
ARM GAS  C:\Users\jisu8\AppData\Local\Temp\ccSo7S5W.s 			page 6


 149:Core/Src/stm32f7xx_it.c **** }
 150:Core/Src/stm32f7xx_it.c **** 
 151:Core/Src/stm32f7xx_it.c **** /**
 152:Core/Src/stm32f7xx_it.c ****   * @brief This function handles Debug monitor.
 153:Core/Src/stm32f7xx_it.c ****   */
 154:Core/Src/stm32f7xx_it.c **** void DebugMon_Handler(void)
 155:Core/Src/stm32f7xx_it.c **** {
 144              		.loc 1 155 1 view -0
 145              		.cfi_startproc
 146              		@ args = 0, pretend = 0, frame = 0
 147              		@ frame_needed = 0, uses_anonymous_args = 0
 148              		@ link register save eliminated.
 156:Core/Src/stm32f7xx_it.c ****   /* USER CODE BEGIN DebugMonitor_IRQn 0 */
 157:Core/Src/stm32f7xx_it.c **** 
 158:Core/Src/stm32f7xx_it.c ****   /* USER CODE END DebugMonitor_IRQn 0 */
 159:Core/Src/stm32f7xx_it.c ****   /* USER CODE BEGIN DebugMonitor_IRQn 1 */
 160:Core/Src/stm32f7xx_it.c **** 
 161:Core/Src/stm32f7xx_it.c ****   /* USER CODE END DebugMonitor_IRQn 1 */
 162:Core/Src/stm32f7xx_it.c **** }
 149              		.loc 1 162 1 view .LVU21
 150 0000 7047     		bx	lr
 151              		.cfi_endproc
 152              	.LFE151:
 154              		.section	.text.SDMMC1_IRQHandler,"ax",%progbits
 155              		.align	1
 156              		.global	SDMMC1_IRQHandler
 157              		.syntax unified
 158              		.thumb
 159              		.thumb_func
 161              	SDMMC1_IRQHandler:
 162              	.LFB152:
 163:Core/Src/stm32f7xx_it.c **** 
 164:Core/Src/stm32f7xx_it.c **** /******************************************************************************/
 165:Core/Src/stm32f7xx_it.c **** /* STM32F7xx Peripheral Interrupt Handlers                                    */
 166:Core/Src/stm32f7xx_it.c **** /* Add here the Interrupt Handlers for the used peripherals.                  */
 167:Core/Src/stm32f7xx_it.c **** /* For the available peripheral interrupt handler names,                      */
 168:Core/Src/stm32f7xx_it.c **** /* please refer to the startup file (startup_stm32f7xx.s).                    */
 169:Core/Src/stm32f7xx_it.c **** /******************************************************************************/
 170:Core/Src/stm32f7xx_it.c **** 
 171:Core/Src/stm32f7xx_it.c **** /**
 172:Core/Src/stm32f7xx_it.c ****   * @brief This function handles SDMMC1 global interrupt.
 173:Core/Src/stm32f7xx_it.c ****   */
 174:Core/Src/stm32f7xx_it.c **** void SDMMC1_IRQHandler(void)
 175:Core/Src/stm32f7xx_it.c **** {
 163              		.loc 1 175 1 view -0
 164              		.cfi_startproc
 165              		@ args = 0, pretend = 0, frame = 0
 166              		@ frame_needed = 0, uses_anonymous_args = 0
 167 0000 08B5     		push	{r3, lr}
 168              	.LCFI0:
 169              		.cfi_def_cfa_offset 8
 170              		.cfi_offset 3, -8
 171              		.cfi_offset 14, -4
 176:Core/Src/stm32f7xx_it.c ****   /* USER CODE BEGIN SDMMC1_IRQn 0 */
 177:Core/Src/stm32f7xx_it.c **** 
 178:Core/Src/stm32f7xx_it.c ****   /* USER CODE END SDMMC1_IRQn 0 */
 179:Core/Src/stm32f7xx_it.c ****   HAL_SD_IRQHandler(&hsd1);
ARM GAS  C:\Users\jisu8\AppData\Local\Temp\ccSo7S5W.s 			page 7


 172              		.loc 1 179 3 view .LVU23
 173 0002 0248     		ldr	r0, .L14
 174 0004 FFF7FEFF 		bl	HAL_SD_IRQHandler
 175              	.LVL0:
 180:Core/Src/stm32f7xx_it.c ****   /* USER CODE BEGIN SDMMC1_IRQn 1 */
 181:Core/Src/stm32f7xx_it.c **** 
 182:Core/Src/stm32f7xx_it.c ****   /* USER CODE END SDMMC1_IRQn 1 */
 183:Core/Src/stm32f7xx_it.c **** }
 176              		.loc 1 183 1 is_stmt 0 view .LVU24
 177 0008 08BD     		pop	{r3, pc}
 178              	.L15:
 179 000a 00BF     		.align	2
 180              	.L14:
 181 000c 00000000 		.word	hsd1
 182              		.cfi_endproc
 183              	.LFE152:
 185              		.section	.text.TIM6_DAC_IRQHandler,"ax",%progbits
 186              		.align	1
 187              		.global	TIM6_DAC_IRQHandler
 188              		.syntax unified
 189              		.thumb
 190              		.thumb_func
 192              	TIM6_DAC_IRQHandler:
 193              	.LFB153:
 184:Core/Src/stm32f7xx_it.c **** 
 185:Core/Src/stm32f7xx_it.c **** /**
 186:Core/Src/stm32f7xx_it.c ****   * @brief This function handles TIM6 global interrupt, DAC1 and DAC2 underrun error interrupts.
 187:Core/Src/stm32f7xx_it.c ****   */
 188:Core/Src/stm32f7xx_it.c **** void TIM6_DAC_IRQHandler(void)
 189:Core/Src/stm32f7xx_it.c **** {
 194              		.loc 1 189 1 is_stmt 1 view -0
 195              		.cfi_startproc
 196              		@ args = 0, pretend = 0, frame = 0
 197              		@ frame_needed = 0, uses_anonymous_args = 0
 198 0000 08B5     		push	{r3, lr}
 199              	.LCFI1:
 200              		.cfi_def_cfa_offset 8
 201              		.cfi_offset 3, -8
 202              		.cfi_offset 14, -4
 190:Core/Src/stm32f7xx_it.c ****   /* USER CODE BEGIN TIM6_DAC_IRQn 0 */
 191:Core/Src/stm32f7xx_it.c **** 
 192:Core/Src/stm32f7xx_it.c ****   /* USER CODE END TIM6_DAC_IRQn 0 */
 193:Core/Src/stm32f7xx_it.c ****   HAL_TIM_IRQHandler(&htim6);
 203              		.loc 1 193 3 view .LVU26
 204 0002 0248     		ldr	r0, .L18
 205 0004 FFF7FEFF 		bl	HAL_TIM_IRQHandler
 206              	.LVL1:
 194:Core/Src/stm32f7xx_it.c ****   /* USER CODE BEGIN TIM6_DAC_IRQn 1 */
 195:Core/Src/stm32f7xx_it.c **** 
 196:Core/Src/stm32f7xx_it.c ****   /* USER CODE END TIM6_DAC_IRQn 1 */
 197:Core/Src/stm32f7xx_it.c **** }
 207              		.loc 1 197 1 is_stmt 0 view .LVU27
 208 0008 08BD     		pop	{r3, pc}
 209              	.L19:
 210 000a 00BF     		.align	2
 211              	.L18:
 212 000c 00000000 		.word	htim6
ARM GAS  C:\Users\jisu8\AppData\Local\Temp\ccSo7S5W.s 			page 8


 213              		.cfi_endproc
 214              	.LFE153:
 216              		.section	.text.DMA2_Stream3_IRQHandler,"ax",%progbits
 217              		.align	1
 218              		.global	DMA2_Stream3_IRQHandler
 219              		.syntax unified
 220              		.thumb
 221              		.thumb_func
 223              	DMA2_Stream3_IRQHandler:
 224              	.LFB154:
 198:Core/Src/stm32f7xx_it.c **** 
 199:Core/Src/stm32f7xx_it.c **** /**
 200:Core/Src/stm32f7xx_it.c ****   * @brief This function handles DMA2 stream3 global interrupt.
 201:Core/Src/stm32f7xx_it.c ****   */
 202:Core/Src/stm32f7xx_it.c **** void DMA2_Stream3_IRQHandler(void)
 203:Core/Src/stm32f7xx_it.c **** {
 225              		.loc 1 203 1 is_stmt 1 view -0
 226              		.cfi_startproc
 227              		@ args = 0, pretend = 0, frame = 0
 228              		@ frame_needed = 0, uses_anonymous_args = 0
 229 0000 08B5     		push	{r3, lr}
 230              	.LCFI2:
 231              		.cfi_def_cfa_offset 8
 232              		.cfi_offset 3, -8
 233              		.cfi_offset 14, -4
 204:Core/Src/stm32f7xx_it.c ****   /* USER CODE BEGIN DMA2_Stream3_IRQn 0 */
 205:Core/Src/stm32f7xx_it.c **** 
 206:Core/Src/stm32f7xx_it.c ****   /* USER CODE END DMA2_Stream3_IRQn 0 */
 207:Core/Src/stm32f7xx_it.c ****   HAL_DMA_IRQHandler(&hdma_sdmmc1_rx);
 234              		.loc 1 207 3 view .LVU29
 235 0002 0248     		ldr	r0, .L22
 236 0004 FFF7FEFF 		bl	HAL_DMA_IRQHandler
 237              	.LVL2:
 208:Core/Src/stm32f7xx_it.c ****   /* USER CODE BEGIN DMA2_Stream3_IRQn 1 */
 209:Core/Src/stm32f7xx_it.c **** 
 210:Core/Src/stm32f7xx_it.c ****   /* USER CODE END DMA2_Stream3_IRQn 1 */
 211:Core/Src/stm32f7xx_it.c **** }
 238              		.loc 1 211 1 is_stmt 0 view .LVU30
 239 0008 08BD     		pop	{r3, pc}
 240              	.L23:
 241 000a 00BF     		.align	2
 242              	.L22:
 243 000c 00000000 		.word	hdma_sdmmc1_rx
 244              		.cfi_endproc
 245              	.LFE154:
 247              		.section	.text.DMA2_Stream6_IRQHandler,"ax",%progbits
 248              		.align	1
 249              		.global	DMA2_Stream6_IRQHandler
 250              		.syntax unified
 251              		.thumb
 252              		.thumb_func
 254              	DMA2_Stream6_IRQHandler:
 255              	.LFB155:
 212:Core/Src/stm32f7xx_it.c **** 
 213:Core/Src/stm32f7xx_it.c **** /**
 214:Core/Src/stm32f7xx_it.c ****   * @brief This function handles DMA2 stream6 global interrupt.
 215:Core/Src/stm32f7xx_it.c ****   */
ARM GAS  C:\Users\jisu8\AppData\Local\Temp\ccSo7S5W.s 			page 9


 216:Core/Src/stm32f7xx_it.c **** void DMA2_Stream6_IRQHandler(void)
 217:Core/Src/stm32f7xx_it.c **** {
 256              		.loc 1 217 1 is_stmt 1 view -0
 257              		.cfi_startproc
 258              		@ args = 0, pretend = 0, frame = 0
 259              		@ frame_needed = 0, uses_anonymous_args = 0
 260 0000 08B5     		push	{r3, lr}
 261              	.LCFI3:
 262              		.cfi_def_cfa_offset 8
 263              		.cfi_offset 3, -8
 264              		.cfi_offset 14, -4
 218:Core/Src/stm32f7xx_it.c ****   /* USER CODE BEGIN DMA2_Stream6_IRQn 0 */
 219:Core/Src/stm32f7xx_it.c **** 
 220:Core/Src/stm32f7xx_it.c ****   /* USER CODE END DMA2_Stream6_IRQn 0 */
 221:Core/Src/stm32f7xx_it.c ****   HAL_DMA_IRQHandler(&hdma_sdmmc1_tx);
 265              		.loc 1 221 3 view .LVU32
 266 0002 0248     		ldr	r0, .L26
 267 0004 FFF7FEFF 		bl	HAL_DMA_IRQHandler
 268              	.LVL3:
 222:Core/Src/stm32f7xx_it.c ****   /* USER CODE BEGIN DMA2_Stream6_IRQn 1 */
 223:Core/Src/stm32f7xx_it.c **** 
 224:Core/Src/stm32f7xx_it.c ****   /* USER CODE END DMA2_Stream6_IRQn 1 */
 225:Core/Src/stm32f7xx_it.c **** }
 269              		.loc 1 225 1 is_stmt 0 view .LVU33
 270 0008 08BD     		pop	{r3, pc}
 271              	.L27:
 272 000a 00BF     		.align	2
 273              	.L26:
 274 000c 00000000 		.word	hdma_sdmmc1_tx
 275              		.cfi_endproc
 276              	.LFE155:
 278              		.section	.text.OTG_HS_IRQHandler,"ax",%progbits
 279              		.align	1
 280              		.global	OTG_HS_IRQHandler
 281              		.syntax unified
 282              		.thumb
 283              		.thumb_func
 285              	OTG_HS_IRQHandler:
 286              	.LFB156:
 226:Core/Src/stm32f7xx_it.c **** 
 227:Core/Src/stm32f7xx_it.c **** /**
 228:Core/Src/stm32f7xx_it.c ****   * @brief This function handles USB On The Go HS global interrupt.
 229:Core/Src/stm32f7xx_it.c ****   */
 230:Core/Src/stm32f7xx_it.c **** void OTG_HS_IRQHandler(void)
 231:Core/Src/stm32f7xx_it.c **** {
 287              		.loc 1 231 1 is_stmt 1 view -0
 288              		.cfi_startproc
 289              		@ args = 0, pretend = 0, frame = 0
 290              		@ frame_needed = 0, uses_anonymous_args = 0
 291 0000 08B5     		push	{r3, lr}
 292              	.LCFI4:
 293              		.cfi_def_cfa_offset 8
 294              		.cfi_offset 3, -8
 295              		.cfi_offset 14, -4
 232:Core/Src/stm32f7xx_it.c ****   /* USER CODE BEGIN OTG_HS_IRQn 0 */
 233:Core/Src/stm32f7xx_it.c **** 
 234:Core/Src/stm32f7xx_it.c ****   /* USER CODE END OTG_HS_IRQn 0 */
ARM GAS  C:\Users\jisu8\AppData\Local\Temp\ccSo7S5W.s 			page 10


 235:Core/Src/stm32f7xx_it.c ****   HAL_PCD_IRQHandler(&hpcd_USB_OTG_HS);
 296              		.loc 1 235 3 view .LVU35
 297 0002 0248     		ldr	r0, .L30
 298 0004 FFF7FEFF 		bl	HAL_PCD_IRQHandler
 299              	.LVL4:
 236:Core/Src/stm32f7xx_it.c ****   //HAL_HCD_IRQHandler(&hhcd_USB_OTG_HS);
 237:Core/Src/stm32f7xx_it.c ****   /* USER CODE BEGIN OTG_HS_IRQn 1 */
 238:Core/Src/stm32f7xx_it.c **** 
 239:Core/Src/stm32f7xx_it.c ****   /* USER CODE END OTG_HS_IRQn 1 */
 240:Core/Src/stm32f7xx_it.c **** }
 300              		.loc 1 240 1 is_stmt 0 view .LVU36
 301 0008 08BD     		pop	{r3, pc}
 302              	.L31:
 303 000a 00BF     		.align	2
 304              	.L30:
 305 000c 00000000 		.word	hpcd_USB_OTG_HS
 306              		.cfi_endproc
 307              	.LFE156:
 309              		.section	.text.LTDC_IRQHandler,"ax",%progbits
 310              		.align	1
 311              		.global	LTDC_IRQHandler
 312              		.syntax unified
 313              		.thumb
 314              		.thumb_func
 316              	LTDC_IRQHandler:
 317              	.LFB157:
 241:Core/Src/stm32f7xx_it.c **** 
 242:Core/Src/stm32f7xx_it.c **** /**
 243:Core/Src/stm32f7xx_it.c ****   * @brief This function handles LTDC global interrupt.
 244:Core/Src/stm32f7xx_it.c ****   */
 245:Core/Src/stm32f7xx_it.c **** void LTDC_IRQHandler(void)
 246:Core/Src/stm32f7xx_it.c **** {
 318              		.loc 1 246 1 is_stmt 1 view -0
 319              		.cfi_startproc
 320              		@ args = 0, pretend = 0, frame = 0
 321              		@ frame_needed = 0, uses_anonymous_args = 0
 322 0000 08B5     		push	{r3, lr}
 323              	.LCFI5:
 324              		.cfi_def_cfa_offset 8
 325              		.cfi_offset 3, -8
 326              		.cfi_offset 14, -4
 247:Core/Src/stm32f7xx_it.c ****   /* USER CODE BEGIN LTDC_IRQn 0 */
 248:Core/Src/stm32f7xx_it.c **** 
 249:Core/Src/stm32f7xx_it.c ****   /* USER CODE END LTDC_IRQn 0 */
 250:Core/Src/stm32f7xx_it.c ****   HAL_LTDC_IRQHandler(&hltdc);
 327              		.loc 1 250 3 view .LVU38
 328 0002 0248     		ldr	r0, .L34
 329 0004 FFF7FEFF 		bl	HAL_LTDC_IRQHandler
 330              	.LVL5:
 251:Core/Src/stm32f7xx_it.c ****   /* USER CODE BEGIN LTDC_IRQn 1 */
 252:Core/Src/stm32f7xx_it.c **** 
 253:Core/Src/stm32f7xx_it.c ****   /* USER CODE END LTDC_IRQn 1 */
 254:Core/Src/stm32f7xx_it.c **** }
 331              		.loc 1 254 1 is_stmt 0 view .LVU39
 332 0008 08BD     		pop	{r3, pc}
 333              	.L35:
 334 000a 00BF     		.align	2
ARM GAS  C:\Users\jisu8\AppData\Local\Temp\ccSo7S5W.s 			page 11


 335              	.L34:
 336 000c 00000000 		.word	hltdc
 337              		.cfi_endproc
 338              	.LFE157:
 340              		.section	.text.DMA2D_IRQHandler,"ax",%progbits
 341              		.align	1
 342              		.global	DMA2D_IRQHandler
 343              		.syntax unified
 344              		.thumb
 345              		.thumb_func
 347              	DMA2D_IRQHandler:
 348              	.LFB158:
 255:Core/Src/stm32f7xx_it.c **** 
 256:Core/Src/stm32f7xx_it.c **** /**
 257:Core/Src/stm32f7xx_it.c ****   * @brief This function handles DMA2D global interrupt.
 258:Core/Src/stm32f7xx_it.c ****   */
 259:Core/Src/stm32f7xx_it.c **** void DMA2D_IRQHandler(void)
 260:Core/Src/stm32f7xx_it.c **** {
 349              		.loc 1 260 1 is_stmt 1 view -0
 350              		.cfi_startproc
 351              		@ args = 0, pretend = 0, frame = 0
 352              		@ frame_needed = 0, uses_anonymous_args = 0
 353 0000 08B5     		push	{r3, lr}
 354              	.LCFI6:
 355              		.cfi_def_cfa_offset 8
 356              		.cfi_offset 3, -8
 357              		.cfi_offset 14, -4
 261:Core/Src/stm32f7xx_it.c ****   /* USER CODE BEGIN DMA2D_IRQn 0 */
 262:Core/Src/stm32f7xx_it.c **** 
 263:Core/Src/stm32f7xx_it.c ****   /* USER CODE END DMA2D_IRQn 0 */
 264:Core/Src/stm32f7xx_it.c ****   HAL_DMA2D_IRQHandler(&hdma2d);
 358              		.loc 1 264 3 view .LVU41
 359 0002 0248     		ldr	r0, .L38
 360 0004 FFF7FEFF 		bl	HAL_DMA2D_IRQHandler
 361              	.LVL6:
 265:Core/Src/stm32f7xx_it.c ****   /* USER CODE BEGIN DMA2D_IRQn 1 */
 266:Core/Src/stm32f7xx_it.c **** 
 267:Core/Src/stm32f7xx_it.c ****   /* USER CODE END DMA2D_IRQn 1 */
 268:Core/Src/stm32f7xx_it.c **** }
 362              		.loc 1 268 1 is_stmt 0 view .LVU42
 363 0008 08BD     		pop	{r3, pc}
 364              	.L39:
 365 000a 00BF     		.align	2
 366              	.L38:
 367 000c 00000000 		.word	hdma2d
 368              		.cfi_endproc
 369              	.LFE158:
 371              		.text
 372              	.Letext0:
 373              		.file 2 "d:\\3.tools\\arm_gcc_toolchain\\arm-none-eabi\\include\\machine\\_default_types.h"
 374              		.file 3 "d:\\3.tools\\arm_gcc_toolchain\\arm-none-eabi\\include\\sys\\_stdint.h"
 375              		.file 4 "Drivers/CMSIS/Device/ST/STM32F7xx/Include/stm32f746xx.h"
 376              		.file 5 "Drivers/STM32F7xx_HAL_Driver/Inc/stm32f7xx_hal_def.h"
 377              		.file 6 "Drivers/STM32F7xx_HAL_Driver/Inc/stm32f7xx_hal_dma.h"
 378              		.file 7 "Drivers/STM32F7xx_HAL_Driver/Inc/stm32f7xx_hal_dma2d.h"
 379              		.file 8 "Drivers/STM32F7xx_HAL_Driver/Inc/stm32f7xx_hal_ltdc.h"
 380              		.file 9 "Drivers/STM32F7xx_HAL_Driver/Inc/stm32f7xx_ll_sdmmc.h"
ARM GAS  C:\Users\jisu8\AppData\Local\Temp\ccSo7S5W.s 			page 12


 381              		.file 10 "Drivers/STM32F7xx_HAL_Driver/Inc/stm32f7xx_hal_sd.h"
 382              		.file 11 "Drivers/STM32F7xx_HAL_Driver/Inc/stm32f7xx_hal_tim.h"
 383              		.file 12 "Drivers/STM32F7xx_HAL_Driver/Inc/stm32f7xx_ll_usb.h"
 384              		.file 13 "Drivers/STM32F7xx_HAL_Driver/Inc/stm32f7xx_hal_pcd.h"
ARM GAS  C:\Users\jisu8\AppData\Local\Temp\ccSo7S5W.s 			page 13


DEFINED SYMBOLS
                            *ABS*:00000000 stm32f7xx_it.c
C:\Users\jisu8\AppData\Local\Temp\ccSo7S5W.s:20     .text.NMI_Handler:00000000 $t
C:\Users\jisu8\AppData\Local\Temp\ccSo7S5W.s:26     .text.NMI_Handler:00000000 NMI_Handler
C:\Users\jisu8\AppData\Local\Temp\ccSo7S5W.s:44     .text.HardFault_Handler:00000000 $t
C:\Users\jisu8\AppData\Local\Temp\ccSo7S5W.s:50     .text.HardFault_Handler:00000000 HardFault_Handler
C:\Users\jisu8\AppData\Local\Temp\ccSo7S5W.s:67     .text.MemManage_Handler:00000000 $t
C:\Users\jisu8\AppData\Local\Temp\ccSo7S5W.s:73     .text.MemManage_Handler:00000000 MemManage_Handler
C:\Users\jisu8\AppData\Local\Temp\ccSo7S5W.s:90     .text.BusFault_Handler:00000000 $t
C:\Users\jisu8\AppData\Local\Temp\ccSo7S5W.s:96     .text.BusFault_Handler:00000000 BusFault_Handler
C:\Users\jisu8\AppData\Local\Temp\ccSo7S5W.s:113    .text.UsageFault_Handler:00000000 $t
C:\Users\jisu8\AppData\Local\Temp\ccSo7S5W.s:119    .text.UsageFault_Handler:00000000 UsageFault_Handler
C:\Users\jisu8\AppData\Local\Temp\ccSo7S5W.s:136    .text.DebugMon_Handler:00000000 $t
C:\Users\jisu8\AppData\Local\Temp\ccSo7S5W.s:142    .text.DebugMon_Handler:00000000 DebugMon_Handler
C:\Users\jisu8\AppData\Local\Temp\ccSo7S5W.s:155    .text.SDMMC1_IRQHandler:00000000 $t
C:\Users\jisu8\AppData\Local\Temp\ccSo7S5W.s:161    .text.SDMMC1_IRQHandler:00000000 SDMMC1_IRQHandler
C:\Users\jisu8\AppData\Local\Temp\ccSo7S5W.s:181    .text.SDMMC1_IRQHandler:0000000c $d
C:\Users\jisu8\AppData\Local\Temp\ccSo7S5W.s:186    .text.TIM6_DAC_IRQHandler:00000000 $t
C:\Users\jisu8\AppData\Local\Temp\ccSo7S5W.s:192    .text.TIM6_DAC_IRQHandler:00000000 TIM6_DAC_IRQHandler
C:\Users\jisu8\AppData\Local\Temp\ccSo7S5W.s:212    .text.TIM6_DAC_IRQHandler:0000000c $d
C:\Users\jisu8\AppData\Local\Temp\ccSo7S5W.s:217    .text.DMA2_Stream3_IRQHandler:00000000 $t
C:\Users\jisu8\AppData\Local\Temp\ccSo7S5W.s:223    .text.DMA2_Stream3_IRQHandler:00000000 DMA2_Stream3_IRQHandler
C:\Users\jisu8\AppData\Local\Temp\ccSo7S5W.s:243    .text.DMA2_Stream3_IRQHandler:0000000c $d
C:\Users\jisu8\AppData\Local\Temp\ccSo7S5W.s:248    .text.DMA2_Stream6_IRQHandler:00000000 $t
C:\Users\jisu8\AppData\Local\Temp\ccSo7S5W.s:254    .text.DMA2_Stream6_IRQHandler:00000000 DMA2_Stream6_IRQHandler
C:\Users\jisu8\AppData\Local\Temp\ccSo7S5W.s:274    .text.DMA2_Stream6_IRQHandler:0000000c $d
C:\Users\jisu8\AppData\Local\Temp\ccSo7S5W.s:279    .text.OTG_HS_IRQHandler:00000000 $t
C:\Users\jisu8\AppData\Local\Temp\ccSo7S5W.s:285    .text.OTG_HS_IRQHandler:00000000 OTG_HS_IRQHandler
C:\Users\jisu8\AppData\Local\Temp\ccSo7S5W.s:305    .text.OTG_HS_IRQHandler:0000000c $d
C:\Users\jisu8\AppData\Local\Temp\ccSo7S5W.s:310    .text.LTDC_IRQHandler:00000000 $t
C:\Users\jisu8\AppData\Local\Temp\ccSo7S5W.s:316    .text.LTDC_IRQHandler:00000000 LTDC_IRQHandler
C:\Users\jisu8\AppData\Local\Temp\ccSo7S5W.s:336    .text.LTDC_IRQHandler:0000000c $d
C:\Users\jisu8\AppData\Local\Temp\ccSo7S5W.s:341    .text.DMA2D_IRQHandler:00000000 $t
C:\Users\jisu8\AppData\Local\Temp\ccSo7S5W.s:347    .text.DMA2D_IRQHandler:00000000 DMA2D_IRQHandler
C:\Users\jisu8\AppData\Local\Temp\ccSo7S5W.s:367    .text.DMA2D_IRQHandler:0000000c $d

UNDEFINED SYMBOLS
HAL_SD_IRQHandler
hsd1
HAL_TIM_IRQHandler
htim6
HAL_DMA_IRQHandler
hdma_sdmmc1_rx
hdma_sdmmc1_tx
HAL_PCD_IRQHandler
hpcd_USB_OTG_HS
HAL_LTDC_IRQHandler
hltdc
HAL_DMA2D_IRQHandler
hdma2d
