ARM GAS  C:\Users\jisu8\AppData\Local\Temp\ccF0nSDl.s 			page 1


   1              		.cpu cortex-m7
   2              		.arch armv7e-m
   3              		.fpu fpv5-sp-d16
   4              		.eabi_attribute 27, 1
   5              		.eabi_attribute 28, 1
   6              		.eabi_attribute 20, 1
   7              		.eabi_attribute 21, 1
   8              		.eabi_attribute 23, 3
   9              		.eabi_attribute 24, 1
  10              		.eabi_attribute 25, 1
  11              		.eabi_attribute 26, 1
  12              		.eabi_attribute 30, 6
  13              		.eabi_attribute 34, 1
  14              		.eabi_attribute 18, 4
  15              		.file	"stm32f7xx_hal_timebase_tim.c"
  16              		.text
  17              	.Ltext0:
  18              		.cfi_sections	.debug_frame
  19              		.global	htim6
  20              		.section	.bss.htim6,"aw",%nobits
  21              		.align	2
  24              	htim6:
  25 0000 00000000 		.space	76
  25      00000000 
  25      00000000 
  25      00000000 
  25      00000000 
  26              		.section	.text.HAL_InitTick,"ax",%progbits
  27              		.align	1
  28              		.global	HAL_InitTick
  29              		.syntax unified
  30              		.thumb
  31              		.thumb_func
  33              	HAL_InitTick:
  34              	.LFB141:
  35              		.file 1 "Core/Src/stm32f7xx_hal_timebase_tim.c"
   1:Core/Src/stm32f7xx_hal_timebase_tim.c **** /* USER CODE BEGIN Header */
   2:Core/Src/stm32f7xx_hal_timebase_tim.c **** /**
   3:Core/Src/stm32f7xx_hal_timebase_tim.c ****   ******************************************************************************
   4:Core/Src/stm32f7xx_hal_timebase_tim.c ****   * @file    stm32f7xx_hal_timebase_TIM.c
   5:Core/Src/stm32f7xx_hal_timebase_tim.c ****   * @brief   HAL time base based on the hardware TIM.
   6:Core/Src/stm32f7xx_hal_timebase_tim.c ****   ******************************************************************************
   7:Core/Src/stm32f7xx_hal_timebase_tim.c ****   * @attention
   8:Core/Src/stm32f7xx_hal_timebase_tim.c ****   *
   9:Core/Src/stm32f7xx_hal_timebase_tim.c ****   * Copyright (c) 2023 STMicroelectronics.
  10:Core/Src/stm32f7xx_hal_timebase_tim.c ****   * All rights reserved.
  11:Core/Src/stm32f7xx_hal_timebase_tim.c ****   *
  12:Core/Src/stm32f7xx_hal_timebase_tim.c ****   * This software is licensed under terms that can be found in the LICENSE file
  13:Core/Src/stm32f7xx_hal_timebase_tim.c ****   * in the root directory of this software component.
  14:Core/Src/stm32f7xx_hal_timebase_tim.c ****   * If no LICENSE file comes with this software, it is provided AS-IS.
  15:Core/Src/stm32f7xx_hal_timebase_tim.c ****   *
  16:Core/Src/stm32f7xx_hal_timebase_tim.c ****   ******************************************************************************
  17:Core/Src/stm32f7xx_hal_timebase_tim.c ****   */
  18:Core/Src/stm32f7xx_hal_timebase_tim.c **** /* USER CODE END Header */
  19:Core/Src/stm32f7xx_hal_timebase_tim.c **** 
  20:Core/Src/stm32f7xx_hal_timebase_tim.c **** /* Includes ------------------------------------------------------------------*/
  21:Core/Src/stm32f7xx_hal_timebase_tim.c **** #include "stm32f7xx_hal.h"
ARM GAS  C:\Users\jisu8\AppData\Local\Temp\ccF0nSDl.s 			page 2


  22:Core/Src/stm32f7xx_hal_timebase_tim.c **** #include "stm32f7xx_hal_tim.h"
  23:Core/Src/stm32f7xx_hal_timebase_tim.c **** 
  24:Core/Src/stm32f7xx_hal_timebase_tim.c **** /* Private typedef -----------------------------------------------------------*/
  25:Core/Src/stm32f7xx_hal_timebase_tim.c **** /* Private define ------------------------------------------------------------*/
  26:Core/Src/stm32f7xx_hal_timebase_tim.c **** /* Private macro -------------------------------------------------------------*/
  27:Core/Src/stm32f7xx_hal_timebase_tim.c **** /* Private variables ---------------------------------------------------------*/
  28:Core/Src/stm32f7xx_hal_timebase_tim.c **** TIM_HandleTypeDef        htim6;
  29:Core/Src/stm32f7xx_hal_timebase_tim.c **** /* Private function prototypes -----------------------------------------------*/
  30:Core/Src/stm32f7xx_hal_timebase_tim.c **** /* Private functions ---------------------------------------------------------*/
  31:Core/Src/stm32f7xx_hal_timebase_tim.c **** 
  32:Core/Src/stm32f7xx_hal_timebase_tim.c **** /**
  33:Core/Src/stm32f7xx_hal_timebase_tim.c ****   * @brief  This function configures the TIM6 as a time base source.
  34:Core/Src/stm32f7xx_hal_timebase_tim.c ****   *         The time source is configured  to have 1ms time base with a dedicated
  35:Core/Src/stm32f7xx_hal_timebase_tim.c ****   *         Tick interrupt priority.
  36:Core/Src/stm32f7xx_hal_timebase_tim.c ****   * @note   This function is called  automatically at the beginning of program after
  37:Core/Src/stm32f7xx_hal_timebase_tim.c ****   *         reset by HAL_Init() or at any time when clock is configured, by HAL_RCC_ClockConfig().
  38:Core/Src/stm32f7xx_hal_timebase_tim.c ****   * @param  TickPriority: Tick interrupt priority.
  39:Core/Src/stm32f7xx_hal_timebase_tim.c ****   * @retval HAL status
  40:Core/Src/stm32f7xx_hal_timebase_tim.c ****   */
  41:Core/Src/stm32f7xx_hal_timebase_tim.c **** HAL_StatusTypeDef HAL_InitTick(uint32_t TickPriority)
  42:Core/Src/stm32f7xx_hal_timebase_tim.c **** {
  36              		.loc 1 42 1
  37              		.cfi_startproc
  38              		@ args = 0, pretend = 0, frame = 56
  39              		@ frame_needed = 1, uses_anonymous_args = 0
  40 0000 80B5     		push	{r7, lr}
  41              	.LCFI0:
  42              		.cfi_def_cfa_offset 8
  43              		.cfi_offset 7, -8
  44              		.cfi_offset 14, -4
  45 0002 8EB0     		sub	sp, sp, #56
  46              	.LCFI1:
  47              		.cfi_def_cfa_offset 64
  48 0004 00AF     		add	r7, sp, #0
  49              	.LCFI2:
  50              		.cfi_def_cfa_register 7
  51 0006 7860     		str	r0, [r7, #4]
  43:Core/Src/stm32f7xx_hal_timebase_tim.c ****   RCC_ClkInitTypeDef    clkconfig;
  44:Core/Src/stm32f7xx_hal_timebase_tim.c ****   uint32_t              uwTimclock, uwAPB1Prescaler = 0U;
  52              		.loc 1 44 37
  53 0008 0023     		movs	r3, #0
  54 000a FB62     		str	r3, [r7, #44]
  45:Core/Src/stm32f7xx_hal_timebase_tim.c **** 
  46:Core/Src/stm32f7xx_hal_timebase_tim.c ****   uint32_t              uwPrescalerValue = 0U;
  55              		.loc 1 46 25
  56 000c 0023     		movs	r3, #0
  57 000e BB62     		str	r3, [r7, #40]
  58              	.LBB2:
  47:Core/Src/stm32f7xx_hal_timebase_tim.c ****   uint32_t              pFLatency;
  48:Core/Src/stm32f7xx_hal_timebase_tim.c ****   HAL_StatusTypeDef     status;
  49:Core/Src/stm32f7xx_hal_timebase_tim.c **** 
  50:Core/Src/stm32f7xx_hal_timebase_tim.c ****   /* Enable TIM6 clock */
  51:Core/Src/stm32f7xx_hal_timebase_tim.c ****   __HAL_RCC_TIM6_CLK_ENABLE();
  59              		.loc 1 51 3
  60 0010 334B     		ldr	r3, .L7
  61 0012 1B6C     		ldr	r3, [r3, #64]
  62 0014 324A     		ldr	r2, .L7
ARM GAS  C:\Users\jisu8\AppData\Local\Temp\ccF0nSDl.s 			page 3


  63 0016 43F01003 		orr	r3, r3, #16
  64 001a 1364     		str	r3, [r2, #64]
  65 001c 304B     		ldr	r3, .L7
  66 001e 1B6C     		ldr	r3, [r3, #64]
  67 0020 03F01003 		and	r3, r3, #16
  68 0024 FB60     		str	r3, [r7, #12]
  69 0026 FB68     		ldr	r3, [r7, #12]
  70              	.LBE2:
  52:Core/Src/stm32f7xx_hal_timebase_tim.c **** 
  53:Core/Src/stm32f7xx_hal_timebase_tim.c ****   /* Get clock configuration */
  54:Core/Src/stm32f7xx_hal_timebase_tim.c ****   HAL_RCC_GetClockConfig(&clkconfig, &pFLatency);
  71              		.loc 1 54 3
  72 0028 07F11002 		add	r2, r7, #16
  73 002c 07F11403 		add	r3, r7, #20
  74 0030 1146     		mov	r1, r2
  75 0032 1846     		mov	r0, r3
  76 0034 FFF7FEFF 		bl	HAL_RCC_GetClockConfig
  55:Core/Src/stm32f7xx_hal_timebase_tim.c **** 
  56:Core/Src/stm32f7xx_hal_timebase_tim.c ****   /* Get APB1 prescaler */
  57:Core/Src/stm32f7xx_hal_timebase_tim.c ****   uwAPB1Prescaler = clkconfig.APB1CLKDivider;
  77              		.loc 1 57 19
  78 0038 3B6A     		ldr	r3, [r7, #32]
  79 003a FB62     		str	r3, [r7, #44]
  58:Core/Src/stm32f7xx_hal_timebase_tim.c ****   /* Compute TIM6 clock */
  59:Core/Src/stm32f7xx_hal_timebase_tim.c ****   if (uwAPB1Prescaler == RCC_HCLK_DIV1)
  80              		.loc 1 59 6
  81 003c FB6A     		ldr	r3, [r7, #44]
  82 003e 002B     		cmp	r3, #0
  83 0040 03D1     		bne	.L2
  60:Core/Src/stm32f7xx_hal_timebase_tim.c ****   {
  61:Core/Src/stm32f7xx_hal_timebase_tim.c ****     uwTimclock = HAL_RCC_GetPCLK1Freq();
  84              		.loc 1 61 18
  85 0042 FFF7FEFF 		bl	HAL_RCC_GetPCLK1Freq
  86 0046 7863     		str	r0, [r7, #52]
  87 0048 04E0     		b	.L3
  88              	.L2:
  62:Core/Src/stm32f7xx_hal_timebase_tim.c ****   }
  63:Core/Src/stm32f7xx_hal_timebase_tim.c ****   else
  64:Core/Src/stm32f7xx_hal_timebase_tim.c ****   {
  65:Core/Src/stm32f7xx_hal_timebase_tim.c ****     uwTimclock = 2UL * HAL_RCC_GetPCLK1Freq();
  89              		.loc 1 65 24
  90 004a FFF7FEFF 		bl	HAL_RCC_GetPCLK1Freq
  91 004e 0346     		mov	r3, r0
  92              		.loc 1 65 16
  93 0050 5B00     		lsls	r3, r3, #1
  94 0052 7B63     		str	r3, [r7, #52]
  95              	.L3:
  66:Core/Src/stm32f7xx_hal_timebase_tim.c ****   }
  67:Core/Src/stm32f7xx_hal_timebase_tim.c **** 
  68:Core/Src/stm32f7xx_hal_timebase_tim.c ****   /* Compute the prescaler value to have TIM6 counter clock equal to 1MHz */
  69:Core/Src/stm32f7xx_hal_timebase_tim.c ****   uwPrescalerValue = (uint32_t) ((uwTimclock / 1000000U) - 1U);
  96              		.loc 1 69 46
  97 0054 7B6B     		ldr	r3, [r7, #52]
  98 0056 234A     		ldr	r2, .L7+4
  99 0058 A2FB0323 		umull	r2, r3, r2, r3
 100 005c 9B0C     		lsrs	r3, r3, #18
 101              		.loc 1 69 20
ARM GAS  C:\Users\jisu8\AppData\Local\Temp\ccF0nSDl.s 			page 4


 102 005e 013B     		subs	r3, r3, #1
 103 0060 BB62     		str	r3, [r7, #40]
  70:Core/Src/stm32f7xx_hal_timebase_tim.c **** 
  71:Core/Src/stm32f7xx_hal_timebase_tim.c ****   /* Initialize TIM6 */
  72:Core/Src/stm32f7xx_hal_timebase_tim.c ****   htim6.Instance = TIM6;
 104              		.loc 1 72 18
 105 0062 214B     		ldr	r3, .L7+8
 106 0064 214A     		ldr	r2, .L7+12
 107 0066 1A60     		str	r2, [r3]
  73:Core/Src/stm32f7xx_hal_timebase_tim.c **** 
  74:Core/Src/stm32f7xx_hal_timebase_tim.c ****   /* Initialize TIMx peripheral as follow:
  75:Core/Src/stm32f7xx_hal_timebase_tim.c ****   + Period = [(TIM6CLK/1000) - 1]. to have a (1/1000) s time base.
  76:Core/Src/stm32f7xx_hal_timebase_tim.c ****   + Prescaler = (uwTimclock/1000000 - 1) to have a 1MHz counter clock.
  77:Core/Src/stm32f7xx_hal_timebase_tim.c ****   + ClockDivision = 0
  78:Core/Src/stm32f7xx_hal_timebase_tim.c ****   + Counter direction = Up
  79:Core/Src/stm32f7xx_hal_timebase_tim.c ****   */
  80:Core/Src/stm32f7xx_hal_timebase_tim.c ****   htim6.Init.Period = (1000000U / 1000U) - 1U;
 108              		.loc 1 80 21
 109 0068 1F4B     		ldr	r3, .L7+8
 110 006a 40F2E732 		movw	r2, #999
 111 006e DA60     		str	r2, [r3, #12]
  81:Core/Src/stm32f7xx_hal_timebase_tim.c ****   htim6.Init.Prescaler = uwPrescalerValue;
 112              		.loc 1 81 24
 113 0070 1D4A     		ldr	r2, .L7+8
 114 0072 BB6A     		ldr	r3, [r7, #40]
 115 0074 5360     		str	r3, [r2, #4]
  82:Core/Src/stm32f7xx_hal_timebase_tim.c ****   htim6.Init.ClockDivision = 0;
 116              		.loc 1 82 28
 117 0076 1C4B     		ldr	r3, .L7+8
 118 0078 0022     		movs	r2, #0
 119 007a 1A61     		str	r2, [r3, #16]
  83:Core/Src/stm32f7xx_hal_timebase_tim.c ****   htim6.Init.CounterMode = TIM_COUNTERMODE_UP;
 120              		.loc 1 83 26
 121 007c 1A4B     		ldr	r3, .L7+8
 122 007e 0022     		movs	r2, #0
 123 0080 9A60     		str	r2, [r3, #8]
  84:Core/Src/stm32f7xx_hal_timebase_tim.c ****   htim6.Init.AutoReloadPreload = TIM_AUTORELOAD_PRELOAD_DISABLE;
 124              		.loc 1 84 32
 125 0082 194B     		ldr	r3, .L7+8
 126 0084 0022     		movs	r2, #0
 127 0086 9A61     		str	r2, [r3, #24]
  85:Core/Src/stm32f7xx_hal_timebase_tim.c **** 
  86:Core/Src/stm32f7xx_hal_timebase_tim.c ****   status = HAL_TIM_Base_Init(&htim6);
 128              		.loc 1 86 12
 129 0088 1748     		ldr	r0, .L7+8
 130 008a FFF7FEFF 		bl	HAL_TIM_Base_Init
 131 008e 0346     		mov	r3, r0
 132 0090 87F83330 		strb	r3, [r7, #51]
  87:Core/Src/stm32f7xx_hal_timebase_tim.c ****   if (status == HAL_OK)
 133              		.loc 1 87 6
 134 0094 97F83330 		ldrb	r3, [r7, #51]	@ zero_extendqisi2
 135 0098 002B     		cmp	r3, #0
 136 009a 1BD1     		bne	.L4
  88:Core/Src/stm32f7xx_hal_timebase_tim.c ****   {
  89:Core/Src/stm32f7xx_hal_timebase_tim.c ****     /* Start the TIM time Base generation in interrupt mode */
  90:Core/Src/stm32f7xx_hal_timebase_tim.c ****     status = HAL_TIM_Base_Start_IT(&htim6);
 137              		.loc 1 90 14
ARM GAS  C:\Users\jisu8\AppData\Local\Temp\ccF0nSDl.s 			page 5


 138 009c 1248     		ldr	r0, .L7+8
 139 009e FFF7FEFF 		bl	HAL_TIM_Base_Start_IT
 140 00a2 0346     		mov	r3, r0
 141 00a4 87F83330 		strb	r3, [r7, #51]
  91:Core/Src/stm32f7xx_hal_timebase_tim.c ****     if (status == HAL_OK)
 142              		.loc 1 91 8
 143 00a8 97F83330 		ldrb	r3, [r7, #51]	@ zero_extendqisi2
 144 00ac 002B     		cmp	r3, #0
 145 00ae 11D1     		bne	.L4
  92:Core/Src/stm32f7xx_hal_timebase_tim.c ****     {
  93:Core/Src/stm32f7xx_hal_timebase_tim.c ****     /* Enable the TIM6 global Interrupt */
  94:Core/Src/stm32f7xx_hal_timebase_tim.c ****         HAL_NVIC_EnableIRQ(TIM6_DAC_IRQn);
 146              		.loc 1 94 9
 147 00b0 3620     		movs	r0, #54
 148 00b2 FFF7FEFF 		bl	HAL_NVIC_EnableIRQ
  95:Core/Src/stm32f7xx_hal_timebase_tim.c ****       /* Configure the SysTick IRQ priority */
  96:Core/Src/stm32f7xx_hal_timebase_tim.c ****       if (TickPriority < (1UL << __NVIC_PRIO_BITS))
 149              		.loc 1 96 10
 150 00b6 7B68     		ldr	r3, [r7, #4]
 151 00b8 0F2B     		cmp	r3, #15
 152 00ba 08D8     		bhi	.L5
  97:Core/Src/stm32f7xx_hal_timebase_tim.c ****       {
  98:Core/Src/stm32f7xx_hal_timebase_tim.c ****         /* Configure the TIM IRQ priority */
  99:Core/Src/stm32f7xx_hal_timebase_tim.c ****         HAL_NVIC_SetPriority(TIM6_DAC_IRQn, TickPriority, 0U);
 153              		.loc 1 99 9
 154 00bc 0022     		movs	r2, #0
 155 00be 7968     		ldr	r1, [r7, #4]
 156 00c0 3620     		movs	r0, #54
 157 00c2 FFF7FEFF 		bl	HAL_NVIC_SetPriority
 100:Core/Src/stm32f7xx_hal_timebase_tim.c ****         uwTickPrio = TickPriority;
 158              		.loc 1 100 20
 159 00c6 0A4A     		ldr	r2, .L7+16
 160 00c8 7B68     		ldr	r3, [r7, #4]
 161 00ca 1360     		str	r3, [r2]
 162 00cc 02E0     		b	.L4
 163              	.L5:
 101:Core/Src/stm32f7xx_hal_timebase_tim.c ****       }
 102:Core/Src/stm32f7xx_hal_timebase_tim.c ****       else
 103:Core/Src/stm32f7xx_hal_timebase_tim.c ****       {
 104:Core/Src/stm32f7xx_hal_timebase_tim.c ****         status = HAL_ERROR;
 164              		.loc 1 104 16
 165 00ce 0123     		movs	r3, #1
 166 00d0 87F83330 		strb	r3, [r7, #51]
 167              	.L4:
 105:Core/Src/stm32f7xx_hal_timebase_tim.c ****       }
 106:Core/Src/stm32f7xx_hal_timebase_tim.c ****     }
 107:Core/Src/stm32f7xx_hal_timebase_tim.c ****   }
 108:Core/Src/stm32f7xx_hal_timebase_tim.c **** 
 109:Core/Src/stm32f7xx_hal_timebase_tim.c ****  /* Return function status */
 110:Core/Src/stm32f7xx_hal_timebase_tim.c ****   return status;
 168              		.loc 1 110 10
 169 00d4 97F83330 		ldrb	r3, [r7, #51]	@ zero_extendqisi2
 111:Core/Src/stm32f7xx_hal_timebase_tim.c **** }
 170              		.loc 1 111 1
 171 00d8 1846     		mov	r0, r3
 172 00da 3837     		adds	r7, r7, #56
 173              	.LCFI3:
ARM GAS  C:\Users\jisu8\AppData\Local\Temp\ccF0nSDl.s 			page 6


 174              		.cfi_def_cfa_offset 8
 175 00dc BD46     		mov	sp, r7
 176              	.LCFI4:
 177              		.cfi_def_cfa_register 13
 178              		@ sp needed
 179 00de 80BD     		pop	{r7, pc}
 180              	.L8:
 181              		.align	2
 182              	.L7:
 183 00e0 00380240 		.word	1073887232
 184 00e4 83DE1B43 		.word	1125899907
 185 00e8 00000000 		.word	htim6
 186 00ec 00100040 		.word	1073745920
 187 00f0 00000000 		.word	uwTickPrio
 188              		.cfi_endproc
 189              	.LFE141:
 191              		.section	.text.HAL_SuspendTick,"ax",%progbits
 192              		.align	1
 193              		.global	HAL_SuspendTick
 194              		.syntax unified
 195              		.thumb
 196              		.thumb_func
 198              	HAL_SuspendTick:
 199              	.LFB142:
 112:Core/Src/stm32f7xx_hal_timebase_tim.c **** 
 113:Core/Src/stm32f7xx_hal_timebase_tim.c **** /**
 114:Core/Src/stm32f7xx_hal_timebase_tim.c ****   * @brief  Suspend Tick increment.
 115:Core/Src/stm32f7xx_hal_timebase_tim.c ****   * @note   Disable the tick increment by disabling TIM6 update interrupt.
 116:Core/Src/stm32f7xx_hal_timebase_tim.c ****   * @param  None
 117:Core/Src/stm32f7xx_hal_timebase_tim.c ****   * @retval None
 118:Core/Src/stm32f7xx_hal_timebase_tim.c ****   */
 119:Core/Src/stm32f7xx_hal_timebase_tim.c **** void HAL_SuspendTick(void)
 120:Core/Src/stm32f7xx_hal_timebase_tim.c **** {
 200              		.loc 1 120 1
 201              		.cfi_startproc
 202              		@ args = 0, pretend = 0, frame = 0
 203              		@ frame_needed = 1, uses_anonymous_args = 0
 204              		@ link register save eliminated.
 205 0000 80B4     		push	{r7}
 206              	.LCFI5:
 207              		.cfi_def_cfa_offset 4
 208              		.cfi_offset 7, -4
 209 0002 00AF     		add	r7, sp, #0
 210              	.LCFI6:
 211              		.cfi_def_cfa_register 7
 121:Core/Src/stm32f7xx_hal_timebase_tim.c ****   /* Disable TIM6 update Interrupt */
 122:Core/Src/stm32f7xx_hal_timebase_tim.c ****   __HAL_TIM_DISABLE_IT(&htim6, TIM_IT_UPDATE);
 212              		.loc 1 122 3
 213 0004 064B     		ldr	r3, .L10
 214 0006 1B68     		ldr	r3, [r3]
 215 0008 DA68     		ldr	r2, [r3, #12]
 216 000a 054B     		ldr	r3, .L10
 217 000c 1B68     		ldr	r3, [r3]
 218 000e 22F00102 		bic	r2, r2, #1
 219 0012 DA60     		str	r2, [r3, #12]
 123:Core/Src/stm32f7xx_hal_timebase_tim.c **** }
 220              		.loc 1 123 1
ARM GAS  C:\Users\jisu8\AppData\Local\Temp\ccF0nSDl.s 			page 7


 221 0014 00BF     		nop
 222 0016 BD46     		mov	sp, r7
 223              	.LCFI7:
 224              		.cfi_def_cfa_register 13
 225              		@ sp needed
 226 0018 5DF8047B 		ldr	r7, [sp], #4
 227              	.LCFI8:
 228              		.cfi_restore 7
 229              		.cfi_def_cfa_offset 0
 230 001c 7047     		bx	lr
 231              	.L11:
 232 001e 00BF     		.align	2
 233              	.L10:
 234 0020 00000000 		.word	htim6
 235              		.cfi_endproc
 236              	.LFE142:
 238              		.section	.text.HAL_ResumeTick,"ax",%progbits
 239              		.align	1
 240              		.global	HAL_ResumeTick
 241              		.syntax unified
 242              		.thumb
 243              		.thumb_func
 245              	HAL_ResumeTick:
 246              	.LFB143:
 124:Core/Src/stm32f7xx_hal_timebase_tim.c **** 
 125:Core/Src/stm32f7xx_hal_timebase_tim.c **** /**
 126:Core/Src/stm32f7xx_hal_timebase_tim.c ****   * @brief  Resume Tick increment.
 127:Core/Src/stm32f7xx_hal_timebase_tim.c ****   * @note   Enable the tick increment by Enabling TIM6 update interrupt.
 128:Core/Src/stm32f7xx_hal_timebase_tim.c ****   * @param  None
 129:Core/Src/stm32f7xx_hal_timebase_tim.c ****   * @retval None
 130:Core/Src/stm32f7xx_hal_timebase_tim.c ****   */
 131:Core/Src/stm32f7xx_hal_timebase_tim.c **** void HAL_ResumeTick(void)
 132:Core/Src/stm32f7xx_hal_timebase_tim.c **** {
 247              		.loc 1 132 1
 248              		.cfi_startproc
 249              		@ args = 0, pretend = 0, frame = 0
 250              		@ frame_needed = 1, uses_anonymous_args = 0
 251              		@ link register save eliminated.
 252 0000 80B4     		push	{r7}
 253              	.LCFI9:
 254              		.cfi_def_cfa_offset 4
 255              		.cfi_offset 7, -4
 256 0002 00AF     		add	r7, sp, #0
 257              	.LCFI10:
 258              		.cfi_def_cfa_register 7
 133:Core/Src/stm32f7xx_hal_timebase_tim.c ****   /* Enable TIM6 Update interrupt */
 134:Core/Src/stm32f7xx_hal_timebase_tim.c ****   __HAL_TIM_ENABLE_IT(&htim6, TIM_IT_UPDATE);
 259              		.loc 1 134 3
 260 0004 064B     		ldr	r3, .L13
 261 0006 1B68     		ldr	r3, [r3]
 262 0008 DA68     		ldr	r2, [r3, #12]
 263 000a 054B     		ldr	r3, .L13
 264 000c 1B68     		ldr	r3, [r3]
 265 000e 42F00102 		orr	r2, r2, #1
 266 0012 DA60     		str	r2, [r3, #12]
 135:Core/Src/stm32f7xx_hal_timebase_tim.c **** }
 267              		.loc 1 135 1
ARM GAS  C:\Users\jisu8\AppData\Local\Temp\ccF0nSDl.s 			page 8


 268 0014 00BF     		nop
 269 0016 BD46     		mov	sp, r7
 270              	.LCFI11:
 271              		.cfi_def_cfa_register 13
 272              		@ sp needed
 273 0018 5DF8047B 		ldr	r7, [sp], #4
 274              	.LCFI12:
 275              		.cfi_restore 7
 276              		.cfi_def_cfa_offset 0
 277 001c 7047     		bx	lr
 278              	.L14:
 279 001e 00BF     		.align	2
 280              	.L13:
 281 0020 00000000 		.word	htim6
 282              		.cfi_endproc
 283              	.LFE143:
 285              		.text
 286              	.Letext0:
 287              		.file 2 "d:\\3.tools\\arm_gcc_toolchain\\arm-none-eabi\\include\\machine\\_default_types.h"
 288              		.file 3 "d:\\3.tools\\arm_gcc_toolchain\\arm-none-eabi\\include\\sys\\_stdint.h"
 289              		.file 4 "Drivers/CMSIS/Device/ST/STM32F7xx/Include/stm32f746xx.h"
 290              		.file 5 "Drivers/STM32F7xx_HAL_Driver/Inc/stm32f7xx_hal_def.h"
 291              		.file 6 "Drivers/STM32F7xx_HAL_Driver/Inc/stm32f7xx_hal_rcc.h"
 292              		.file 7 "Drivers/STM32F7xx_HAL_Driver/Inc/stm32f7xx_hal_dma.h"
 293              		.file 8 "Drivers/STM32F7xx_HAL_Driver/Inc/stm32f7xx_hal_tim.h"
 294              		.file 9 "Drivers/STM32F7xx_HAL_Driver/Inc/stm32f7xx_hal.h"
ARM GAS  C:\Users\jisu8\AppData\Local\Temp\ccF0nSDl.s 			page 9


DEFINED SYMBOLS
                            *ABS*:00000000 stm32f7xx_hal_timebase_tim.c
C:\Users\jisu8\AppData\Local\Temp\ccF0nSDl.s:24     .bss.htim6:00000000 htim6
C:\Users\jisu8\AppData\Local\Temp\ccF0nSDl.s:21     .bss.htim6:00000000 $d
C:\Users\jisu8\AppData\Local\Temp\ccF0nSDl.s:27     .text.HAL_InitTick:00000000 $t
C:\Users\jisu8\AppData\Local\Temp\ccF0nSDl.s:33     .text.HAL_InitTick:00000000 HAL_InitTick
C:\Users\jisu8\AppData\Local\Temp\ccF0nSDl.s:183    .text.HAL_InitTick:000000e0 $d
C:\Users\jisu8\AppData\Local\Temp\ccF0nSDl.s:192    .text.HAL_SuspendTick:00000000 $t
C:\Users\jisu8\AppData\Local\Temp\ccF0nSDl.s:198    .text.HAL_SuspendTick:00000000 HAL_SuspendTick
C:\Users\jisu8\AppData\Local\Temp\ccF0nSDl.s:234    .text.HAL_SuspendTick:00000020 $d
C:\Users\jisu8\AppData\Local\Temp\ccF0nSDl.s:239    .text.HAL_ResumeTick:00000000 $t
C:\Users\jisu8\AppData\Local\Temp\ccF0nSDl.s:245    .text.HAL_ResumeTick:00000000 HAL_ResumeTick
C:\Users\jisu8\AppData\Local\Temp\ccF0nSDl.s:281    .text.HAL_ResumeTick:00000020 $d

UNDEFINED SYMBOLS
HAL_RCC_GetClockConfig
HAL_RCC_GetPCLK1Freq
HAL_TIM_Base_Init
HAL_TIM_Base_Start_IT
HAL_NVIC_EnableIRQ
HAL_NVIC_SetPriority
uwTickPrio
