ARM GAS  C:\Users\jisu8\AppData\Local\Temp\ccopIgEx.s 			page 1


   1              		.cpu cortex-m7
   2              		.arch armv7e-m
   3              		.fpu fpv5-sp-d16
   4              		.eabi_attribute 27, 1
   5              		.eabi_attribute 28, 1
   6              		.eabi_attribute 20, 1
   7              		.eabi_attribute 21, 1
   8              		.eabi_attribute 23, 3
   9              		.eabi_attribute 24, 1
  10              		.eabi_attribute 25, 1
  11              		.eabi_attribute 26, 1
  12              		.eabi_attribute 30, 6
  13              		.eabi_attribute 34, 1
  14              		.eabi_attribute 18, 4
  15              		.file	"usbd_storage_if.c"
  16              		.text
  17              	.Ltext0:
  18              		.cfi_sections	.debug_frame
  19              		.global	STORAGE_Inquirydata_HS
  20              		.section	.rodata.STORAGE_Inquirydata_HS,"a"
  21              		.align	2
  24              	STORAGE_Inquirydata_HS:
  25 0000 00800202 		.ascii	"\000\200\002\002\037\000\000\000STM     Product    "
  25      1F000000 
  25      53544D20 
  25      20202020 
  25      50726F64 
  26 001b 20202020 		.ascii	"     0.01"
  26      20302E30 
  26      31
  27              		.global	USBD_Storage_Interface_fops_HS
  28              		.section	.data.USBD_Storage_Interface_fops_HS,"aw"
  29              		.align	2
  32              	USBD_Storage_Interface_fops_HS:
  33 0000 00000000 		.word	STORAGE_Init_HS
  34 0004 00000000 		.word	STORAGE_GetCapacity_HS
  35 0008 00000000 		.word	STORAGE_IsReady_HS
  36 000c 00000000 		.word	STORAGE_IsWriteProtected_HS
  37 0010 00000000 		.word	STORAGE_Read_HS
  38 0014 00000000 		.word	STORAGE_Write_HS
  39 0018 00000000 		.word	STORAGE_GetMaxLun_HS
  40 001c 00000000 		.word	STORAGE_Inquirydata_HS
  41              		.section	.text.STORAGE_Init_HS,"ax",%progbits
  42              		.align	1
  43              		.syntax unified
  44              		.thumb
  45              		.thumb_func
  47              	STORAGE_Init_HS:
  48              	.LFB145:
  49              		.file 1 "USB_DEVICE/App/usbd_storage_if.c"
   1:USB_DEVICE/App/usbd_storage_if.c **** /* USER CODE BEGIN Header */
   2:USB_DEVICE/App/usbd_storage_if.c **** /**
   3:USB_DEVICE/App/usbd_storage_if.c ****   ******************************************************************************
   4:USB_DEVICE/App/usbd_storage_if.c ****   * @file           : usbd_storage_if.c
   5:USB_DEVICE/App/usbd_storage_if.c ****   * @version        : v1.0_Cube
   6:USB_DEVICE/App/usbd_storage_if.c ****   * @brief          : Memory management layer.
   7:USB_DEVICE/App/usbd_storage_if.c ****   ******************************************************************************
ARM GAS  C:\Users\jisu8\AppData\Local\Temp\ccopIgEx.s 			page 2


   8:USB_DEVICE/App/usbd_storage_if.c ****   * @attention
   9:USB_DEVICE/App/usbd_storage_if.c ****   *
  10:USB_DEVICE/App/usbd_storage_if.c ****   * Copyright (c) 2023 STMicroelectronics.
  11:USB_DEVICE/App/usbd_storage_if.c ****   * All rights reserved.
  12:USB_DEVICE/App/usbd_storage_if.c ****   *
  13:USB_DEVICE/App/usbd_storage_if.c ****   * This software is licensed under terms that can be found in the LICENSE file
  14:USB_DEVICE/App/usbd_storage_if.c ****   * in the root directory of this software component.
  15:USB_DEVICE/App/usbd_storage_if.c ****   * If no LICENSE file comes with this software, it is provided AS-IS.
  16:USB_DEVICE/App/usbd_storage_if.c ****   *
  17:USB_DEVICE/App/usbd_storage_if.c ****   ******************************************************************************
  18:USB_DEVICE/App/usbd_storage_if.c ****   */
  19:USB_DEVICE/App/usbd_storage_if.c **** /* USER CODE END Header */
  20:USB_DEVICE/App/usbd_storage_if.c **** 
  21:USB_DEVICE/App/usbd_storage_if.c **** /* Includes ------------------------------------------------------------------*/
  22:USB_DEVICE/App/usbd_storage_if.c **** #include "usbd_storage_if.h"
  23:USB_DEVICE/App/usbd_storage_if.c **** #include "bsp_driver_sd.h"
  24:USB_DEVICE/App/usbd_storage_if.c **** /* USER CODE BEGIN INCLUDE */
  25:USB_DEVICE/App/usbd_storage_if.c **** 
  26:USB_DEVICE/App/usbd_storage_if.c **** /* USER CODE END INCLUDE */
  27:USB_DEVICE/App/usbd_storage_if.c **** 
  28:USB_DEVICE/App/usbd_storage_if.c **** /* Private typedef -----------------------------------------------------------*/
  29:USB_DEVICE/App/usbd_storage_if.c **** /* Private define ------------------------------------------------------------*/
  30:USB_DEVICE/App/usbd_storage_if.c **** /* Private macro -------------------------------------------------------------*/
  31:USB_DEVICE/App/usbd_storage_if.c **** 
  32:USB_DEVICE/App/usbd_storage_if.c **** /* USER CODE BEGIN PV */
  33:USB_DEVICE/App/usbd_storage_if.c **** /* Private variables ---------------------------------------------------------*/
  34:USB_DEVICE/App/usbd_storage_if.c **** 
  35:USB_DEVICE/App/usbd_storage_if.c **** /* USER CODE END PV */
  36:USB_DEVICE/App/usbd_storage_if.c **** 
  37:USB_DEVICE/App/usbd_storage_if.c **** /** @addtogroup STM32_USB_OTG_DEVICE_LIBRARY
  38:USB_DEVICE/App/usbd_storage_if.c ****   * @brief Usb device.
  39:USB_DEVICE/App/usbd_storage_if.c ****   * @{
  40:USB_DEVICE/App/usbd_storage_if.c ****   */
  41:USB_DEVICE/App/usbd_storage_if.c **** 
  42:USB_DEVICE/App/usbd_storage_if.c **** /** @defgroup USBD_STORAGE
  43:USB_DEVICE/App/usbd_storage_if.c ****   * @brief Usb mass storage device module
  44:USB_DEVICE/App/usbd_storage_if.c ****   * @{
  45:USB_DEVICE/App/usbd_storage_if.c ****   */
  46:USB_DEVICE/App/usbd_storage_if.c **** 
  47:USB_DEVICE/App/usbd_storage_if.c **** /** @defgroup USBD_STORAGE_Private_TypesDefinitions
  48:USB_DEVICE/App/usbd_storage_if.c ****   * @brief Private types.
  49:USB_DEVICE/App/usbd_storage_if.c ****   * @{
  50:USB_DEVICE/App/usbd_storage_if.c ****   */
  51:USB_DEVICE/App/usbd_storage_if.c **** 
  52:USB_DEVICE/App/usbd_storage_if.c **** /* USER CODE BEGIN PRIVATE_TYPES */
  53:USB_DEVICE/App/usbd_storage_if.c **** 
  54:USB_DEVICE/App/usbd_storage_if.c **** /* USER CODE END PRIVATE_TYPES */
  55:USB_DEVICE/App/usbd_storage_if.c **** 
  56:USB_DEVICE/App/usbd_storage_if.c **** /**
  57:USB_DEVICE/App/usbd_storage_if.c ****   * @}
  58:USB_DEVICE/App/usbd_storage_if.c ****   */
  59:USB_DEVICE/App/usbd_storage_if.c **** 
  60:USB_DEVICE/App/usbd_storage_if.c **** /** @defgroup USBD_STORAGE_Private_Defines
  61:USB_DEVICE/App/usbd_storage_if.c ****   * @brief Private defines.
  62:USB_DEVICE/App/usbd_storage_if.c ****   * @{
  63:USB_DEVICE/App/usbd_storage_if.c ****   */
  64:USB_DEVICE/App/usbd_storage_if.c **** 
ARM GAS  C:\Users\jisu8\AppData\Local\Temp\ccopIgEx.s 			page 3


  65:USB_DEVICE/App/usbd_storage_if.c **** #define STORAGE_LUN_NBR                  1
  66:USB_DEVICE/App/usbd_storage_if.c **** #define STORAGE_BLK_NBR                  0x10000
  67:USB_DEVICE/App/usbd_storage_if.c **** #define STORAGE_BLK_SIZ                  0x200
  68:USB_DEVICE/App/usbd_storage_if.c **** 
  69:USB_DEVICE/App/usbd_storage_if.c **** /* USER CODE BEGIN PRIVATE_DEFINES */
  70:USB_DEVICE/App/usbd_storage_if.c **** /* USER CODE END PRIVATE_DEFINES */
  71:USB_DEVICE/App/usbd_storage_if.c **** 
  72:USB_DEVICE/App/usbd_storage_if.c **** /**
  73:USB_DEVICE/App/usbd_storage_if.c ****   * @}
  74:USB_DEVICE/App/usbd_storage_if.c ****   */
  75:USB_DEVICE/App/usbd_storage_if.c **** 
  76:USB_DEVICE/App/usbd_storage_if.c **** /** @defgroup USBD_STORAGE_Private_Macros
  77:USB_DEVICE/App/usbd_storage_if.c ****   * @brief Private macros.
  78:USB_DEVICE/App/usbd_storage_if.c ****   * @{
  79:USB_DEVICE/App/usbd_storage_if.c ****   */
  80:USB_DEVICE/App/usbd_storage_if.c **** 
  81:USB_DEVICE/App/usbd_storage_if.c **** /* USER CODE BEGIN PRIVATE_MACRO */
  82:USB_DEVICE/App/usbd_storage_if.c **** 
  83:USB_DEVICE/App/usbd_storage_if.c **** /* USER CODE END PRIVATE_MACRO */
  84:USB_DEVICE/App/usbd_storage_if.c **** 
  85:USB_DEVICE/App/usbd_storage_if.c **** /**
  86:USB_DEVICE/App/usbd_storage_if.c ****   * @}
  87:USB_DEVICE/App/usbd_storage_if.c ****   */
  88:USB_DEVICE/App/usbd_storage_if.c **** 
  89:USB_DEVICE/App/usbd_storage_if.c **** /** @defgroup USBD_STORAGE_Private_Variables
  90:USB_DEVICE/App/usbd_storage_if.c ****   * @brief Private variables.
  91:USB_DEVICE/App/usbd_storage_if.c ****   * @{
  92:USB_DEVICE/App/usbd_storage_if.c ****   */
  93:USB_DEVICE/App/usbd_storage_if.c **** 
  94:USB_DEVICE/App/usbd_storage_if.c **** /* USER CODE BEGIN INQUIRY_DATA_HS */
  95:USB_DEVICE/App/usbd_storage_if.c **** /** USB Mass storage Standard Inquiry Data. */
  96:USB_DEVICE/App/usbd_storage_if.c **** const int8_t STORAGE_Inquirydata_HS[] = {/* 36 */
  97:USB_DEVICE/App/usbd_storage_if.c **** 
  98:USB_DEVICE/App/usbd_storage_if.c ****   /* LUN 0 */
  99:USB_DEVICE/App/usbd_storage_if.c ****   0x00,
 100:USB_DEVICE/App/usbd_storage_if.c ****   0x80,
 101:USB_DEVICE/App/usbd_storage_if.c ****   0x02,
 102:USB_DEVICE/App/usbd_storage_if.c ****   0x02,
 103:USB_DEVICE/App/usbd_storage_if.c ****   (STANDARD_INQUIRY_DATA_LEN - 5),
 104:USB_DEVICE/App/usbd_storage_if.c ****   0x00,
 105:USB_DEVICE/App/usbd_storage_if.c ****   0x00,
 106:USB_DEVICE/App/usbd_storage_if.c ****   0x00,
 107:USB_DEVICE/App/usbd_storage_if.c ****   'S', 'T', 'M', ' ', ' ', ' ', ' ', ' ', /* Manufacturer : 8 bytes */
 108:USB_DEVICE/App/usbd_storage_if.c ****   'P', 'r', 'o', 'd', 'u', 'c', 't', ' ', /* Product      : 16 Bytes */
 109:USB_DEVICE/App/usbd_storage_if.c ****   ' ', ' ', ' ', ' ', ' ', ' ', ' ', ' ',
 110:USB_DEVICE/App/usbd_storage_if.c ****   '0', '.', '0' ,'1'                      /* Version      : 4 Bytes */
 111:USB_DEVICE/App/usbd_storage_if.c **** };
 112:USB_DEVICE/App/usbd_storage_if.c **** /* USER CODE END INQUIRY_DATA_HS */
 113:USB_DEVICE/App/usbd_storage_if.c **** 
 114:USB_DEVICE/App/usbd_storage_if.c **** /* USER CODE BEGIN PRIVATE_VARIABLES */
 115:USB_DEVICE/App/usbd_storage_if.c **** 
 116:USB_DEVICE/App/usbd_storage_if.c **** /* USER CODE END PRIVATE_VARIABLES */
 117:USB_DEVICE/App/usbd_storage_if.c **** 
 118:USB_DEVICE/App/usbd_storage_if.c **** /**
 119:USB_DEVICE/App/usbd_storage_if.c ****   * @}
 120:USB_DEVICE/App/usbd_storage_if.c ****   */
 121:USB_DEVICE/App/usbd_storage_if.c **** 
ARM GAS  C:\Users\jisu8\AppData\Local\Temp\ccopIgEx.s 			page 4


 122:USB_DEVICE/App/usbd_storage_if.c **** /** @defgroup USBD_STORAGE_Exported_Variables
 123:USB_DEVICE/App/usbd_storage_if.c ****   * @brief Public variables.
 124:USB_DEVICE/App/usbd_storage_if.c ****   * @{
 125:USB_DEVICE/App/usbd_storage_if.c ****   */
 126:USB_DEVICE/App/usbd_storage_if.c **** 
 127:USB_DEVICE/App/usbd_storage_if.c **** extern USBD_HandleTypeDef hUsbDeviceHS;
 128:USB_DEVICE/App/usbd_storage_if.c **** extern volatile uint32_t writestatus, readstatus;
 129:USB_DEVICE/App/usbd_storage_if.c **** /* USER CODE BEGIN EXPORTED_VARIABLES */
 130:USB_DEVICE/App/usbd_storage_if.c **** 
 131:USB_DEVICE/App/usbd_storage_if.c **** /* USER CODE END EXPORTED_VARIABLES */
 132:USB_DEVICE/App/usbd_storage_if.c **** 
 133:USB_DEVICE/App/usbd_storage_if.c **** /**
 134:USB_DEVICE/App/usbd_storage_if.c ****   * @}
 135:USB_DEVICE/App/usbd_storage_if.c ****   */
 136:USB_DEVICE/App/usbd_storage_if.c **** 
 137:USB_DEVICE/App/usbd_storage_if.c **** /** @defgroup USBD_STORAGE_Private_FunctionPrototypes
 138:USB_DEVICE/App/usbd_storage_if.c ****   * @brief Private functions declaration.
 139:USB_DEVICE/App/usbd_storage_if.c ****   * @{
 140:USB_DEVICE/App/usbd_storage_if.c ****   */
 141:USB_DEVICE/App/usbd_storage_if.c **** 
 142:USB_DEVICE/App/usbd_storage_if.c **** static int8_t STORAGE_Init_HS(uint8_t lun);
 143:USB_DEVICE/App/usbd_storage_if.c **** static int8_t STORAGE_GetCapacity_HS(uint8_t lun, uint32_t *block_num, uint16_t *block_size);
 144:USB_DEVICE/App/usbd_storage_if.c **** static int8_t STORAGE_IsReady_HS(uint8_t lun);
 145:USB_DEVICE/App/usbd_storage_if.c **** static int8_t STORAGE_IsWriteProtected_HS(uint8_t lun);
 146:USB_DEVICE/App/usbd_storage_if.c **** static int8_t STORAGE_Read_HS(uint8_t lun, uint8_t *buf, uint32_t blk_addr, uint16_t blk_len);
 147:USB_DEVICE/App/usbd_storage_if.c **** static int8_t STORAGE_Write_HS(uint8_t lun, uint8_t *buf, uint32_t blk_addr, uint16_t blk_len);
 148:USB_DEVICE/App/usbd_storage_if.c **** static int8_t STORAGE_GetMaxLun_HS(void);
 149:USB_DEVICE/App/usbd_storage_if.c **** 
 150:USB_DEVICE/App/usbd_storage_if.c **** /* USER CODE BEGIN PRIVATE_FUNCTIONS_DECLARATION */
 151:USB_DEVICE/App/usbd_storage_if.c **** 
 152:USB_DEVICE/App/usbd_storage_if.c **** /* USER CODE END PRIVATE_FUNCTIONS_DECLARATION */
 153:USB_DEVICE/App/usbd_storage_if.c **** 
 154:USB_DEVICE/App/usbd_storage_if.c **** /**
 155:USB_DEVICE/App/usbd_storage_if.c ****   * @}
 156:USB_DEVICE/App/usbd_storage_if.c ****   */
 157:USB_DEVICE/App/usbd_storage_if.c **** 
 158:USB_DEVICE/App/usbd_storage_if.c **** USBD_StorageTypeDef USBD_Storage_Interface_fops_HS =
 159:USB_DEVICE/App/usbd_storage_if.c **** {
 160:USB_DEVICE/App/usbd_storage_if.c ****   STORAGE_Init_HS,
 161:USB_DEVICE/App/usbd_storage_if.c ****   STORAGE_GetCapacity_HS,
 162:USB_DEVICE/App/usbd_storage_if.c ****   STORAGE_IsReady_HS,
 163:USB_DEVICE/App/usbd_storage_if.c ****   STORAGE_IsWriteProtected_HS,
 164:USB_DEVICE/App/usbd_storage_if.c ****   STORAGE_Read_HS,
 165:USB_DEVICE/App/usbd_storage_if.c ****   STORAGE_Write_HS,
 166:USB_DEVICE/App/usbd_storage_if.c ****   STORAGE_GetMaxLun_HS,
 167:USB_DEVICE/App/usbd_storage_if.c ****   (int8_t *)STORAGE_Inquirydata_HS
 168:USB_DEVICE/App/usbd_storage_if.c **** };
 169:USB_DEVICE/App/usbd_storage_if.c **** 
 170:USB_DEVICE/App/usbd_storage_if.c **** /* Private functions ---------------------------------------------------------*/
 171:USB_DEVICE/App/usbd_storage_if.c **** 
 172:USB_DEVICE/App/usbd_storage_if.c **** /**
 173:USB_DEVICE/App/usbd_storage_if.c ****   * @brief  Initializes the storage unit (medium).
 174:USB_DEVICE/App/usbd_storage_if.c ****   * @param  lun: Logical unit number.
 175:USB_DEVICE/App/usbd_storage_if.c ****   * @retval USBD_OK if all operations are OK else USBD_FAIL
 176:USB_DEVICE/App/usbd_storage_if.c ****   */
 177:USB_DEVICE/App/usbd_storage_if.c **** int8_t STORAGE_Init_HS(uint8_t lun)
 178:USB_DEVICE/App/usbd_storage_if.c **** {
ARM GAS  C:\Users\jisu8\AppData\Local\Temp\ccopIgEx.s 			page 5


  50              		.loc 1 178 1
  51              		.cfi_startproc
  52              		@ args = 0, pretend = 0, frame = 8
  53              		@ frame_needed = 1, uses_anonymous_args = 0
  54 0000 80B5     		push	{r7, lr}
  55              	.LCFI0:
  56              		.cfi_def_cfa_offset 8
  57              		.cfi_offset 7, -8
  58              		.cfi_offset 14, -4
  59 0002 82B0     		sub	sp, sp, #8
  60              	.LCFI1:
  61              		.cfi_def_cfa_offset 16
  62 0004 00AF     		add	r7, sp, #0
  63              	.LCFI2:
  64              		.cfi_def_cfa_register 7
  65 0006 0346     		mov	r3, r0
  66 0008 FB71     		strb	r3, [r7, #7]
 179:USB_DEVICE/App/usbd_storage_if.c ****   BSP_SD_Init();
  67              		.loc 1 179 3
  68 000a FFF7FEFF 		bl	BSP_SD_Init
 180:USB_DEVICE/App/usbd_storage_if.c ****   return 0;
  69              		.loc 1 180 10
  70 000e 0023     		movs	r3, #0
 181:USB_DEVICE/App/usbd_storage_if.c **** }
  71              		.loc 1 181 1
  72 0010 1846     		mov	r0, r3
  73 0012 0837     		adds	r7, r7, #8
  74              	.LCFI3:
  75              		.cfi_def_cfa_offset 8
  76 0014 BD46     		mov	sp, r7
  77              	.LCFI4:
  78              		.cfi_def_cfa_register 13
  79              		@ sp needed
  80 0016 80BD     		pop	{r7, pc}
  81              		.cfi_endproc
  82              	.LFE145:
  84              		.section	.text.STORAGE_GetCapacity_HS,"ax",%progbits
  85              		.align	1
  86              		.syntax unified
  87              		.thumb
  88              		.thumb_func
  90              	STORAGE_GetCapacity_HS:
  91              	.LFB146:
 182:USB_DEVICE/App/usbd_storage_if.c **** 
 183:USB_DEVICE/App/usbd_storage_if.c **** /**
 184:USB_DEVICE/App/usbd_storage_if.c ****   * @brief  Returns the medium capacity.
 185:USB_DEVICE/App/usbd_storage_if.c ****   * @param  lun: Logical unit number.
 186:USB_DEVICE/App/usbd_storage_if.c ****   * @param  block_num: Number of total block number.
 187:USB_DEVICE/App/usbd_storage_if.c ****   * @param  block_size: Block size.
 188:USB_DEVICE/App/usbd_storage_if.c ****   * @retval USBD_OK if all operations are OK else USBD_FAIL
 189:USB_DEVICE/App/usbd_storage_if.c ****   */
 190:USB_DEVICE/App/usbd_storage_if.c **** int8_t STORAGE_GetCapacity_HS(uint8_t lun, uint32_t *block_num, uint16_t *block_size)
 191:USB_DEVICE/App/usbd_storage_if.c **** {
  92              		.loc 1 191 1
  93              		.cfi_startproc
  94              		@ args = 0, pretend = 0, frame = 56
  95              		@ frame_needed = 1, uses_anonymous_args = 0
ARM GAS  C:\Users\jisu8\AppData\Local\Temp\ccopIgEx.s 			page 6


  96 0000 80B5     		push	{r7, lr}
  97              	.LCFI5:
  98              		.cfi_def_cfa_offset 8
  99              		.cfi_offset 7, -8
 100              		.cfi_offset 14, -4
 101 0002 8EB0     		sub	sp, sp, #56
 102              	.LCFI6:
 103              		.cfi_def_cfa_offset 64
 104 0004 00AF     		add	r7, sp, #0
 105              	.LCFI7:
 106              		.cfi_def_cfa_register 7
 107 0006 0346     		mov	r3, r0
 108 0008 B960     		str	r1, [r7, #8]
 109 000a 7A60     		str	r2, [r7, #4]
 110 000c FB73     		strb	r3, [r7, #15]
 192:USB_DEVICE/App/usbd_storage_if.c ****     BSP_SD_CardInfo info;
 193:USB_DEVICE/App/usbd_storage_if.c ****   int8_t ret = -1;
 111              		.loc 1 193 10
 112 000e FF23     		movs	r3, #255
 113 0010 87F83730 		strb	r3, [r7, #55]
 194:USB_DEVICE/App/usbd_storage_if.c **** 
 195:USB_DEVICE/App/usbd_storage_if.c ****   if(BSP_SD_IsDetected() != SD_NOT_PRESENT)
 114              		.loc 1 195 6
 115 0014 FFF7FEFF 		bl	BSP_SD_IsDetected
 116 0018 0346     		mov	r3, r0
 117              		.loc 1 195 5
 118 001a 002B     		cmp	r3, #0
 119 001c 0ED0     		beq	.L4
 196:USB_DEVICE/App/usbd_storage_if.c ****   {
 197:USB_DEVICE/App/usbd_storage_if.c ****     BSP_SD_GetCardInfo(&info);
 120              		.loc 1 197 5
 121 001e 07F11403 		add	r3, r7, #20
 122 0022 1846     		mov	r0, r3
 123 0024 FFF7FEFF 		bl	BSP_SD_GetCardInfo
 198:USB_DEVICE/App/usbd_storage_if.c **** 
 199:USB_DEVICE/App/usbd_storage_if.c ****     *block_num = info.LogBlockNbr;
 124              		.loc 1 199 22
 125 0028 FA6A     		ldr	r2, [r7, #44]
 126              		.loc 1 199 16
 127 002a BB68     		ldr	r3, [r7, #8]
 128 002c 1A60     		str	r2, [r3]
 200:USB_DEVICE/App/usbd_storage_if.c ****     *block_size = info.LogBlockSize;
 129              		.loc 1 200 23
 130 002e 3B6B     		ldr	r3, [r7, #48]
 131              		.loc 1 200 17
 132 0030 9AB2     		uxth	r2, r3
 133 0032 7B68     		ldr	r3, [r7, #4]
 134 0034 1A80     		strh	r2, [r3]	@ movhi
 201:USB_DEVICE/App/usbd_storage_if.c ****     ret = 0;
 135              		.loc 1 201 9
 136 0036 0023     		movs	r3, #0
 137 0038 87F83730 		strb	r3, [r7, #55]
 138              	.L4:
 202:USB_DEVICE/App/usbd_storage_if.c ****   }
 203:USB_DEVICE/App/usbd_storage_if.c ****   return ret;
 139              		.loc 1 203 10
 140 003c 97F93730 		ldrsb	r3, [r7, #55]
ARM GAS  C:\Users\jisu8\AppData\Local\Temp\ccopIgEx.s 			page 7


 204:USB_DEVICE/App/usbd_storage_if.c **** }
 141              		.loc 1 204 1
 142 0040 1846     		mov	r0, r3
 143 0042 3837     		adds	r7, r7, #56
 144              	.LCFI8:
 145              		.cfi_def_cfa_offset 8
 146 0044 BD46     		mov	sp, r7
 147              	.LCFI9:
 148              		.cfi_def_cfa_register 13
 149              		@ sp needed
 150 0046 80BD     		pop	{r7, pc}
 151              		.cfi_endproc
 152              	.LFE146:
 154              		.section	.text.STORAGE_IsReady_HS,"ax",%progbits
 155              		.align	1
 156              		.syntax unified
 157              		.thumb
 158              		.thumb_func
 160              	STORAGE_IsReady_HS:
 161              	.LFB147:
 205:USB_DEVICE/App/usbd_storage_if.c **** 
 206:USB_DEVICE/App/usbd_storage_if.c **** /**
 207:USB_DEVICE/App/usbd_storage_if.c ****   * @brief   Checks whether the medium is ready.
 208:USB_DEVICE/App/usbd_storage_if.c ****   * @param  lun:  Logical unit number.
 209:USB_DEVICE/App/usbd_storage_if.c ****   * @retval USBD_OK if all operations are OK else USBD_FAIL
 210:USB_DEVICE/App/usbd_storage_if.c ****   */
 211:USB_DEVICE/App/usbd_storage_if.c **** int8_t STORAGE_IsReady_HS(uint8_t lun)
 212:USB_DEVICE/App/usbd_storage_if.c **** {
 162              		.loc 1 212 1
 163              		.cfi_startproc
 164              		@ args = 0, pretend = 0, frame = 16
 165              		@ frame_needed = 1, uses_anonymous_args = 0
 166 0000 80B5     		push	{r7, lr}
 167              	.LCFI10:
 168              		.cfi_def_cfa_offset 8
 169              		.cfi_offset 7, -8
 170              		.cfi_offset 14, -4
 171 0002 84B0     		sub	sp, sp, #16
 172              	.LCFI11:
 173              		.cfi_def_cfa_offset 24
 174 0004 00AF     		add	r7, sp, #0
 175              	.LCFI12:
 176              		.cfi_def_cfa_register 7
 177 0006 0346     		mov	r3, r0
 178 0008 FB71     		strb	r3, [r7, #7]
 213:USB_DEVICE/App/usbd_storage_if.c ****   static int8_t prev_status = 0;
 214:USB_DEVICE/App/usbd_storage_if.c ****   int8_t ret = -1;
 179              		.loc 1 214 10
 180 000a FF23     		movs	r3, #255
 181 000c FB73     		strb	r3, [r7, #15]
 215:USB_DEVICE/App/usbd_storage_if.c **** 
 216:USB_DEVICE/App/usbd_storage_if.c ****   if(BSP_SD_IsDetected() != SD_NOT_PRESENT)
 182              		.loc 1 216 6
 183 000e FFF7FEFF 		bl	BSP_SD_IsDetected
 184 0012 0346     		mov	r3, r0
 185              		.loc 1 216 5
 186 0014 002B     		cmp	r3, #0
ARM GAS  C:\Users\jisu8\AppData\Local\Temp\ccopIgEx.s 			page 8


 187 0016 11D0     		beq	.L7
 217:USB_DEVICE/App/usbd_storage_if.c ****   {
 218:USB_DEVICE/App/usbd_storage_if.c ****     if(prev_status < 0)
 188              		.loc 1 218 20
 189 0018 0F4B     		ldr	r3, .L11
 190 001a 93F90030 		ldrsb	r3, [r3]
 191              		.loc 1 218 7
 192 001e 002B     		cmp	r3, #0
 193 0020 04DA     		bge	.L8
 219:USB_DEVICE/App/usbd_storage_if.c ****     {
 220:USB_DEVICE/App/usbd_storage_if.c ****       BSP_SD_Init();
 194              		.loc 1 220 7
 195 0022 FFF7FEFF 		bl	BSP_SD_Init
 221:USB_DEVICE/App/usbd_storage_if.c ****       prev_status = 0;
 196              		.loc 1 221 19
 197 0026 0C4B     		ldr	r3, .L11
 198 0028 0022     		movs	r2, #0
 199 002a 1A70     		strb	r2, [r3]
 200              	.L8:
 222:USB_DEVICE/App/usbd_storage_if.c **** 
 223:USB_DEVICE/App/usbd_storage_if.c ****     }
 224:USB_DEVICE/App/usbd_storage_if.c ****     if(BSP_SD_GetCardState() == SD_TRANSFER_OK)
 201              		.loc 1 224 8
 202 002c FFF7FEFF 		bl	BSP_SD_GetCardState
 203 0030 0346     		mov	r3, r0
 204              		.loc 1 224 7
 205 0032 002B     		cmp	r3, #0
 206 0034 0AD1     		bne	.L9
 225:USB_DEVICE/App/usbd_storage_if.c ****     {
 226:USB_DEVICE/App/usbd_storage_if.c ****       ret = 0;
 207              		.loc 1 226 11
 208 0036 0023     		movs	r3, #0
 209 0038 FB73     		strb	r3, [r7, #15]
 210 003a 07E0     		b	.L9
 211              	.L7:
 227:USB_DEVICE/App/usbd_storage_if.c ****     }
 228:USB_DEVICE/App/usbd_storage_if.c ****   }
 229:USB_DEVICE/App/usbd_storage_if.c ****   else if(prev_status == 0)
 212              		.loc 1 229 23
 213 003c 064B     		ldr	r3, .L11
 214 003e 93F90030 		ldrsb	r3, [r3]
 215              		.loc 1 229 10
 216 0042 002B     		cmp	r3, #0
 217 0044 02D1     		bne	.L9
 230:USB_DEVICE/App/usbd_storage_if.c ****   {
 231:USB_DEVICE/App/usbd_storage_if.c ****     prev_status = -1;
 218              		.loc 1 231 17
 219 0046 044B     		ldr	r3, .L11
 220 0048 FF22     		movs	r2, #255
 221 004a 1A70     		strb	r2, [r3]
 222              	.L9:
 232:USB_DEVICE/App/usbd_storage_if.c ****   }
 233:USB_DEVICE/App/usbd_storage_if.c ****   return ret;
 223              		.loc 1 233 10
 224 004c 97F90F30 		ldrsb	r3, [r7, #15]
 234:USB_DEVICE/App/usbd_storage_if.c **** }
 225              		.loc 1 234 1
ARM GAS  C:\Users\jisu8\AppData\Local\Temp\ccopIgEx.s 			page 9


 226 0050 1846     		mov	r0, r3
 227 0052 1037     		adds	r7, r7, #16
 228              	.LCFI13:
 229              		.cfi_def_cfa_offset 8
 230 0054 BD46     		mov	sp, r7
 231              	.LCFI14:
 232              		.cfi_def_cfa_register 13
 233              		@ sp needed
 234 0056 80BD     		pop	{r7, pc}
 235              	.L12:
 236              		.align	2
 237              	.L11:
 238 0058 00000000 		.word	prev_status.0
 239              		.cfi_endproc
 240              	.LFE147:
 242              		.section	.text.STORAGE_IsWriteProtected_HS,"ax",%progbits
 243              		.align	1
 244              		.syntax unified
 245              		.thumb
 246              		.thumb_func
 248              	STORAGE_IsWriteProtected_HS:
 249              	.LFB148:
 235:USB_DEVICE/App/usbd_storage_if.c **** 
 236:USB_DEVICE/App/usbd_storage_if.c **** /**
 237:USB_DEVICE/App/usbd_storage_if.c ****   * @brief  Checks whether the medium is write protected.
 238:USB_DEVICE/App/usbd_storage_if.c ****   * @param  lun: Logical unit number.
 239:USB_DEVICE/App/usbd_storage_if.c ****   * @retval USBD_OK if all operations are OK else USBD_FAIL
 240:USB_DEVICE/App/usbd_storage_if.c ****   */
 241:USB_DEVICE/App/usbd_storage_if.c **** int8_t STORAGE_IsWriteProtected_HS(uint8_t lun)
 242:USB_DEVICE/App/usbd_storage_if.c **** {
 250              		.loc 1 242 1
 251              		.cfi_startproc
 252              		@ args = 0, pretend = 0, frame = 8
 253              		@ frame_needed = 1, uses_anonymous_args = 0
 254              		@ link register save eliminated.
 255 0000 80B4     		push	{r7}
 256              	.LCFI15:
 257              		.cfi_def_cfa_offset 4
 258              		.cfi_offset 7, -4
 259 0002 83B0     		sub	sp, sp, #12
 260              	.LCFI16:
 261              		.cfi_def_cfa_offset 16
 262 0004 00AF     		add	r7, sp, #0
 263              	.LCFI17:
 264              		.cfi_def_cfa_register 7
 265 0006 0346     		mov	r3, r0
 266 0008 FB71     		strb	r3, [r7, #7]
 243:USB_DEVICE/App/usbd_storage_if.c ****   return 0;
 267              		.loc 1 243 10
 268 000a 0023     		movs	r3, #0
 244:USB_DEVICE/App/usbd_storage_if.c **** }
 269              		.loc 1 244 1
 270 000c 1846     		mov	r0, r3
 271 000e 0C37     		adds	r7, r7, #12
 272              	.LCFI18:
 273              		.cfi_def_cfa_offset 4
 274 0010 BD46     		mov	sp, r7
ARM GAS  C:\Users\jisu8\AppData\Local\Temp\ccopIgEx.s 			page 10


 275              	.LCFI19:
 276              		.cfi_def_cfa_register 13
 277              		@ sp needed
 278 0012 5DF8047B 		ldr	r7, [sp], #4
 279              	.LCFI20:
 280              		.cfi_restore 7
 281              		.cfi_def_cfa_offset 0
 282 0016 7047     		bx	lr
 283              		.cfi_endproc
 284              	.LFE148:
 286              		.section	.text.STORAGE_Read_HS,"ax",%progbits
 287              		.align	1
 288              		.syntax unified
 289              		.thumb
 290              		.thumb_func
 292              	STORAGE_Read_HS:
 293              	.LFB149:
 245:USB_DEVICE/App/usbd_storage_if.c **** 
 246:USB_DEVICE/App/usbd_storage_if.c **** /**
 247:USB_DEVICE/App/usbd_storage_if.c ****   * @brief  Reads data from the medium.
 248:USB_DEVICE/App/usbd_storage_if.c ****   * @param  lun: Logical unit number.
 249:USB_DEVICE/App/usbd_storage_if.c ****   * @param  buf: data buffer.
 250:USB_DEVICE/App/usbd_storage_if.c ****   * @param  blk_addr: Logical block address.
 251:USB_DEVICE/App/usbd_storage_if.c ****   * @param  blk_len: Blocks number.
 252:USB_DEVICE/App/usbd_storage_if.c ****   * @retval USBD_OK if all operations are OK else USBD_FAIL
 253:USB_DEVICE/App/usbd_storage_if.c ****   */
 254:USB_DEVICE/App/usbd_storage_if.c **** int8_t STORAGE_Read_HS(uint8_t lun, uint8_t *buf, uint32_t blk_addr, uint16_t blk_len)
 255:USB_DEVICE/App/usbd_storage_if.c **** {
 294              		.loc 1 255 1
 295              		.cfi_startproc
 296              		@ args = 0, pretend = 0, frame = 24
 297              		@ frame_needed = 1, uses_anonymous_args = 0
 298 0000 80B5     		push	{r7, lr}
 299              	.LCFI21:
 300              		.cfi_def_cfa_offset 8
 301              		.cfi_offset 7, -8
 302              		.cfi_offset 14, -4
 303 0002 86B0     		sub	sp, sp, #24
 304              	.LCFI22:
 305              		.cfi_def_cfa_offset 32
 306 0004 00AF     		add	r7, sp, #0
 307              	.LCFI23:
 308              		.cfi_def_cfa_register 7
 309 0006 B960     		str	r1, [r7, #8]
 310 0008 7A60     		str	r2, [r7, #4]
 311 000a 1A46     		mov	r2, r3
 312 000c 0346     		mov	r3, r0
 313 000e FB73     		strb	r3, [r7, #15]
 314 0010 1346     		mov	r3, r2	@ movhi
 315 0012 BB81     		strh	r3, [r7, #12]	@ movhi
 256:USB_DEVICE/App/usbd_storage_if.c ****   int8_t ret = -1;
 316              		.loc 1 256 10
 317 0014 FF23     		movs	r3, #255
 318 0016 FB75     		strb	r3, [r7, #23]
 257:USB_DEVICE/App/usbd_storage_if.c **** 
 258:USB_DEVICE/App/usbd_storage_if.c ****   if(BSP_SD_IsDetected() != SD_NOT_PRESENT)
 319              		.loc 1 258 6
ARM GAS  C:\Users\jisu8\AppData\Local\Temp\ccopIgEx.s 			page 11


 320 0018 FFF7FEFF 		bl	BSP_SD_IsDetected
 321 001c 0346     		mov	r3, r0
 322              		.loc 1 258 5
 323 001e 002B     		cmp	r3, #0
 324 0020 0DD0     		beq	.L16
 259:USB_DEVICE/App/usbd_storage_if.c ****   {
 260:USB_DEVICE/App/usbd_storage_if.c ****     BSP_SD_ReadBlocks_DMA((uint32_t *) buf, blk_addr, blk_len);
 325              		.loc 1 260 5
 326 0022 BB89     		ldrh	r3, [r7, #12]
 327 0024 1A46     		mov	r2, r3
 328 0026 7968     		ldr	r1, [r7, #4]
 329 0028 B868     		ldr	r0, [r7, #8]
 330 002a FFF7FEFF 		bl	BSP_SD_ReadBlocks_DMA
 261:USB_DEVICE/App/usbd_storage_if.c **** 
 262:USB_DEVICE/App/usbd_storage_if.c ****     /* Wait until SD card is ready to use for new operation */
 263:USB_DEVICE/App/usbd_storage_if.c ****     while(BSP_SD_GetCardState() != SD_TRANSFER_OK)
 331              		.loc 1 263 10
 332 002e 00BF     		nop
 333              	.L17:
 334              		.loc 1 263 11 discriminator 1
 335 0030 FFF7FEFF 		bl	BSP_SD_GetCardState
 336 0034 0346     		mov	r3, r0
 337              		.loc 1 263 10 discriminator 1
 338 0036 002B     		cmp	r3, #0
 339 0038 FAD1     		bne	.L17
 264:USB_DEVICE/App/usbd_storage_if.c ****     {
 265:USB_DEVICE/App/usbd_storage_if.c ****     }
 266:USB_DEVICE/App/usbd_storage_if.c **** 
 267:USB_DEVICE/App/usbd_storage_if.c ****     ret = 0;
 340              		.loc 1 267 9
 341 003a 0023     		movs	r3, #0
 342 003c FB75     		strb	r3, [r7, #23]
 343              	.L16:
 268:USB_DEVICE/App/usbd_storage_if.c ****   }
 269:USB_DEVICE/App/usbd_storage_if.c **** 	return ret;
 344              		.loc 1 269 9
 345 003e 97F91730 		ldrsb	r3, [r7, #23]
 270:USB_DEVICE/App/usbd_storage_if.c **** }
 346              		.loc 1 270 1
 347 0042 1846     		mov	r0, r3
 348 0044 1837     		adds	r7, r7, #24
 349              	.LCFI24:
 350              		.cfi_def_cfa_offset 8
 351 0046 BD46     		mov	sp, r7
 352              	.LCFI25:
 353              		.cfi_def_cfa_register 13
 354              		@ sp needed
 355 0048 80BD     		pop	{r7, pc}
 356              		.cfi_endproc
 357              	.LFE149:
 359              		.section	.text.STORAGE_Write_HS,"ax",%progbits
 360              		.align	1
 361              		.syntax unified
 362              		.thumb
 363              		.thumb_func
 365              	STORAGE_Write_HS:
 366              	.LFB150:
ARM GAS  C:\Users\jisu8\AppData\Local\Temp\ccopIgEx.s 			page 12


 271:USB_DEVICE/App/usbd_storage_if.c **** 
 272:USB_DEVICE/App/usbd_storage_if.c **** /**
 273:USB_DEVICE/App/usbd_storage_if.c ****   * @brief  Writes data into the medium.
 274:USB_DEVICE/App/usbd_storage_if.c ****   * @param  lun: Logical unit number.
 275:USB_DEVICE/App/usbd_storage_if.c ****   * @param  buf: data buffer.
 276:USB_DEVICE/App/usbd_storage_if.c ****   * @param  blk_addr: Logical block address.
 277:USB_DEVICE/App/usbd_storage_if.c ****   * @param  blk_len: Blocks number.
 278:USB_DEVICE/App/usbd_storage_if.c ****   * @retval USBD_OK if all operations are OK else USBD_FAIL
 279:USB_DEVICE/App/usbd_storage_if.c ****   */
 280:USB_DEVICE/App/usbd_storage_if.c **** int8_t STORAGE_Write_HS(uint8_t lun, uint8_t *buf, uint32_t blk_addr, uint16_t blk_len)
 281:USB_DEVICE/App/usbd_storage_if.c **** {
 367              		.loc 1 281 1
 368              		.cfi_startproc
 369              		@ args = 0, pretend = 0, frame = 24
 370              		@ frame_needed = 1, uses_anonymous_args = 0
 371 0000 80B5     		push	{r7, lr}
 372              	.LCFI26:
 373              		.cfi_def_cfa_offset 8
 374              		.cfi_offset 7, -8
 375              		.cfi_offset 14, -4
 376 0002 86B0     		sub	sp, sp, #24
 377              	.LCFI27:
 378              		.cfi_def_cfa_offset 32
 379 0004 00AF     		add	r7, sp, #0
 380              	.LCFI28:
 381              		.cfi_def_cfa_register 7
 382 0006 B960     		str	r1, [r7, #8]
 383 0008 7A60     		str	r2, [r7, #4]
 384 000a 1A46     		mov	r2, r3
 385 000c 0346     		mov	r3, r0
 386 000e FB73     		strb	r3, [r7, #15]
 387 0010 1346     		mov	r3, r2	@ movhi
 388 0012 BB81     		strh	r3, [r7, #12]	@ movhi
 282:USB_DEVICE/App/usbd_storage_if.c ****   int8_t ret = -1;
 389              		.loc 1 282 10
 390 0014 FF23     		movs	r3, #255
 391 0016 FB75     		strb	r3, [r7, #23]
 283:USB_DEVICE/App/usbd_storage_if.c **** 
 284:USB_DEVICE/App/usbd_storage_if.c ****   if(BSP_SD_IsDetected() != SD_NOT_PRESENT)
 392              		.loc 1 284 6
 393 0018 FFF7FEFF 		bl	BSP_SD_IsDetected
 394 001c 0346     		mov	r3, r0
 395              		.loc 1 284 5
 396 001e 002B     		cmp	r3, #0
 397 0020 0DD0     		beq	.L20
 285:USB_DEVICE/App/usbd_storage_if.c ****   {
 286:USB_DEVICE/App/usbd_storage_if.c ****     BSP_SD_WriteBlocks_DMA((uint32_t *) buf, blk_addr, blk_len);
 398              		.loc 1 286 5
 399 0022 BB89     		ldrh	r3, [r7, #12]
 400 0024 1A46     		mov	r2, r3
 401 0026 7968     		ldr	r1, [r7, #4]
 402 0028 B868     		ldr	r0, [r7, #8]
 403 002a FFF7FEFF 		bl	BSP_SD_WriteBlocks_DMA
 287:USB_DEVICE/App/usbd_storage_if.c **** 
 288:USB_DEVICE/App/usbd_storage_if.c ****     /* Wait until SD card is ready to use for new operation */
 289:USB_DEVICE/App/usbd_storage_if.c ****     while(BSP_SD_GetCardState() != SD_TRANSFER_OK)
 404              		.loc 1 289 10
ARM GAS  C:\Users\jisu8\AppData\Local\Temp\ccopIgEx.s 			page 13


 405 002e 00BF     		nop
 406              	.L21:
 407              		.loc 1 289 11 discriminator 1
 408 0030 FFF7FEFF 		bl	BSP_SD_GetCardState
 409 0034 0346     		mov	r3, r0
 410              		.loc 1 289 10 discriminator 1
 411 0036 002B     		cmp	r3, #0
 412 0038 FAD1     		bne	.L21
 290:USB_DEVICE/App/usbd_storage_if.c ****     {
 291:USB_DEVICE/App/usbd_storage_if.c ****     }
 292:USB_DEVICE/App/usbd_storage_if.c **** 
 293:USB_DEVICE/App/usbd_storage_if.c ****     ret = 0;
 413              		.loc 1 293 9
 414 003a 0023     		movs	r3, #0
 415 003c FB75     		strb	r3, [r7, #23]
 416              	.L20:
 294:USB_DEVICE/App/usbd_storage_if.c ****   }
 295:USB_DEVICE/App/usbd_storage_if.c **** 	return ret;
 417              		.loc 1 295 9
 418 003e 97F91730 		ldrsb	r3, [r7, #23]
 296:USB_DEVICE/App/usbd_storage_if.c **** }
 419              		.loc 1 296 1
 420 0042 1846     		mov	r0, r3
 421 0044 1837     		adds	r7, r7, #24
 422              	.LCFI29:
 423              		.cfi_def_cfa_offset 8
 424 0046 BD46     		mov	sp, r7
 425              	.LCFI30:
 426              		.cfi_def_cfa_register 13
 427              		@ sp needed
 428 0048 80BD     		pop	{r7, pc}
 429              		.cfi_endproc
 430              	.LFE150:
 432              		.section	.text.STORAGE_GetMaxLun_HS,"ax",%progbits
 433              		.align	1
 434              		.syntax unified
 435              		.thumb
 436              		.thumb_func
 438              	STORAGE_GetMaxLun_HS:
 439              	.LFB151:
 297:USB_DEVICE/App/usbd_storage_if.c **** 
 298:USB_DEVICE/App/usbd_storage_if.c **** /**
 299:USB_DEVICE/App/usbd_storage_if.c ****   * @brief  Returns the Max Supported LUNs.
 300:USB_DEVICE/App/usbd_storage_if.c ****   * @param  None
 301:USB_DEVICE/App/usbd_storage_if.c ****   * @retval Lun(s) number.
 302:USB_DEVICE/App/usbd_storage_if.c ****   */
 303:USB_DEVICE/App/usbd_storage_if.c **** int8_t STORAGE_GetMaxLun_HS(void)
 304:USB_DEVICE/App/usbd_storage_if.c **** {
 440              		.loc 1 304 1
 441              		.cfi_startproc
 442              		@ args = 0, pretend = 0, frame = 0
 443              		@ frame_needed = 1, uses_anonymous_args = 0
 444              		@ link register save eliminated.
 445 0000 80B4     		push	{r7}
 446              	.LCFI31:
 447              		.cfi_def_cfa_offset 4
 448              		.cfi_offset 7, -4
ARM GAS  C:\Users\jisu8\AppData\Local\Temp\ccopIgEx.s 			page 14


 449 0002 00AF     		add	r7, sp, #0
 450              	.LCFI32:
 451              		.cfi_def_cfa_register 7
 305:USB_DEVICE/App/usbd_storage_if.c ****     return (STORAGE_LUN_NBR - 1);
 452              		.loc 1 305 12
 453 0004 0023     		movs	r3, #0
 306:USB_DEVICE/App/usbd_storage_if.c **** }
 454              		.loc 1 306 1
 455 0006 1846     		mov	r0, r3
 456 0008 BD46     		mov	sp, r7
 457              	.LCFI33:
 458              		.cfi_def_cfa_register 13
 459              		@ sp needed
 460 000a 5DF8047B 		ldr	r7, [sp], #4
 461              	.LCFI34:
 462              		.cfi_restore 7
 463              		.cfi_def_cfa_offset 0
 464 000e 7047     		bx	lr
 465              		.cfi_endproc
 466              	.LFE151:
 468              		.section	.bss.prev_status.0,"aw",%nobits
 471              	prev_status.0:
 472 0000 00       		.space	1
 473              		.text
 474              	.Letext0:
 475              		.file 2 "d:\\3.tools\\arm_gcc_toolchain\\arm-none-eabi\\include\\machine\\_default_types.h"
 476              		.file 3 "d:\\3.tools\\arm_gcc_toolchain\\arm-none-eabi\\include\\sys\\_stdint.h"
 477              		.file 4 "Drivers/STM32F7xx_HAL_Driver/Inc/stm32f7xx_hal_sd.h"
 478              		.file 5 "Middlewares/ST/STM32_USB_Device_Library/Class/MSC/Inc/usbd_msc.h"
 479              		.file 6 "USB_DEVICE/App/usbd_storage_if.h"
ARM GAS  C:\Users\jisu8\AppData\Local\Temp\ccopIgEx.s 			page 15


DEFINED SYMBOLS
                            *ABS*:00000000 usbd_storage_if.c
C:\Users\jisu8\AppData\Local\Temp\ccopIgEx.s:24     .rodata.STORAGE_Inquirydata_HS:00000000 STORAGE_Inquirydata_HS
C:\Users\jisu8\AppData\Local\Temp\ccopIgEx.s:21     .rodata.STORAGE_Inquirydata_HS:00000000 $d
C:\Users\jisu8\AppData\Local\Temp\ccopIgEx.s:32     .data.USBD_Storage_Interface_fops_HS:00000000 USBD_Storage_Interface_fops_HS
C:\Users\jisu8\AppData\Local\Temp\ccopIgEx.s:29     .data.USBD_Storage_Interface_fops_HS:00000000 $d
C:\Users\jisu8\AppData\Local\Temp\ccopIgEx.s:47     .text.STORAGE_Init_HS:00000000 STORAGE_Init_HS
C:\Users\jisu8\AppData\Local\Temp\ccopIgEx.s:90     .text.STORAGE_GetCapacity_HS:00000000 STORAGE_GetCapacity_HS
C:\Users\jisu8\AppData\Local\Temp\ccopIgEx.s:160    .text.STORAGE_IsReady_HS:00000000 STORAGE_IsReady_HS
C:\Users\jisu8\AppData\Local\Temp\ccopIgEx.s:248    .text.STORAGE_IsWriteProtected_HS:00000000 STORAGE_IsWriteProtected_HS
C:\Users\jisu8\AppData\Local\Temp\ccopIgEx.s:292    .text.STORAGE_Read_HS:00000000 STORAGE_Read_HS
C:\Users\jisu8\AppData\Local\Temp\ccopIgEx.s:365    .text.STORAGE_Write_HS:00000000 STORAGE_Write_HS
C:\Users\jisu8\AppData\Local\Temp\ccopIgEx.s:438    .text.STORAGE_GetMaxLun_HS:00000000 STORAGE_GetMaxLun_HS
C:\Users\jisu8\AppData\Local\Temp\ccopIgEx.s:42     .text.STORAGE_Init_HS:00000000 $t
C:\Users\jisu8\AppData\Local\Temp\ccopIgEx.s:85     .text.STORAGE_GetCapacity_HS:00000000 $t
C:\Users\jisu8\AppData\Local\Temp\ccopIgEx.s:155    .text.STORAGE_IsReady_HS:00000000 $t
C:\Users\jisu8\AppData\Local\Temp\ccopIgEx.s:238    .text.STORAGE_IsReady_HS:00000058 $d
C:\Users\jisu8\AppData\Local\Temp\ccopIgEx.s:471    .bss.prev_status.0:00000000 prev_status.0
C:\Users\jisu8\AppData\Local\Temp\ccopIgEx.s:243    .text.STORAGE_IsWriteProtected_HS:00000000 $t
C:\Users\jisu8\AppData\Local\Temp\ccopIgEx.s:287    .text.STORAGE_Read_HS:00000000 $t
C:\Users\jisu8\AppData\Local\Temp\ccopIgEx.s:360    .text.STORAGE_Write_HS:00000000 $t
C:\Users\jisu8\AppData\Local\Temp\ccopIgEx.s:433    .text.STORAGE_GetMaxLun_HS:00000000 $t
C:\Users\jisu8\AppData\Local\Temp\ccopIgEx.s:472    .bss.prev_status.0:00000000 $d

UNDEFINED SYMBOLS
BSP_SD_Init
BSP_SD_IsDetected
BSP_SD_GetCardInfo
BSP_SD_GetCardState
BSP_SD_ReadBlocks_DMA
BSP_SD_WriteBlocks_DMA
